<?xml version="1.0" encoding="UTF-8"?>
<testsuite name="com.showmetheroute.service.track.TrackControllerTest" tests="12" failures="5" errors="0" timestamp="2014-05-08T07:59:51" hostname="ubuntu" time="27.467">
  <properties/>
  <testcase name="testDeleteTrack" classname="com.showmetheroute.service.track.TrackControllerTest" time="24.936"/>
  <testcase name="testTrackWaypointsUpdateFails" classname="com.showmetheroute.service.track.TrackControllerTest" time="0.578">
    <failure message="java.lang.AssertionError: Status expected:&lt;406&gt; but was:&lt;415&gt;" type="java.lang.AssertionError">java.lang.AssertionError: Status expected:&lt;406&gt; but was:&lt;415&gt;
	at org.springframework.test.util.AssertionErrors.fail(AssertionErrors.java:60)
	at org.springframework.test.util.AssertionErrors.assertEquals(AssertionErrors.java:89)
	at org.springframework.test.web.servlet.result.StatusResultMatchers$10.match(StatusResultMatchers.java:626)
	at org.springframework.test.web.servlet.MockMvc$1.andExpect(MockMvc.java:149)
	at com.showmetheroute.service.track.TrackControllerTest.testTrackWaypointsUpdateFails(TrackControllerTest.java:130)
	at sun.reflect.NativeMethodAccessorImpl.invoke0(Native Method)
	at sun.reflect.NativeMethodAccessorImpl.invoke(NativeMethodAccessorImpl.java:57)
	at sun.reflect.DelegatingMethodAccessorImpl.invoke(DelegatingMethodAccessorImpl.java:43)
	at java.lang.reflect.Method.invoke(Method.java:606)
	at org.junit.runners.model.FrameworkMethod$1.runReflectiveCall(FrameworkMethod.java:47)
	at org.junit.internal.runners.model.ReflectiveCallable.run(ReflectiveCallable.java:12)
	at org.junit.runners.model.FrameworkMethod.invokeExplosively(FrameworkMethod.java:44)
	at org.junit.internal.runners.statements.InvokeMethod.evaluate(InvokeMethod.java:17)
	at org.junit.internal.runners.statements.RunBefores.evaluate(RunBefores.java:26)
	at org.junit.runners.ParentRunner.runLeaf(ParentRunner.java:271)
	at org.junit.runners.BlockJUnit4ClassRunner.runChild(BlockJUnit4ClassRunner.java:70)
	at org.junit.runners.BlockJUnit4ClassRunner.runChild(BlockJUnit4ClassRunner.java:50)
	at org.junit.runners.ParentRunner$3.run(ParentRunner.java:238)
	at org.junit.runners.ParentRunner$1.schedule(ParentRunner.java:63)
	at org.junit.runners.ParentRunner.runChildren(ParentRunner.java:236)
	at org.junit.runners.ParentRunner.access$000(ParentRunner.java:53)
	at org.junit.runners.ParentRunner$2.evaluate(ParentRunner.java:229)
	at org.junit.runners.ParentRunner.run(ParentRunner.java:309)
	at org.gradle.api.internal.tasks.testing.junit.JUnitTestClassExecuter.runTestClass(JUnitTestClassExecuter.java:86)
	at org.gradle.api.internal.tasks.testing.junit.JUnitTestClassExecuter.execute(JUnitTestClassExecuter.java:49)
	at org.gradle.api.internal.tasks.testing.junit.JUnitTestClassProcessor.processTestClass(JUnitTestClassProcessor.java:69)
	at org.gradle.api.internal.tasks.testing.SuiteTestClassProcessor.processTestClass(SuiteTestClassProcessor.java:50)
	at sun.reflect.NativeMethodAccessorImpl.invoke0(Native Method)
	at sun.reflect.NativeMethodAccessorImpl.invoke(NativeMethodAccessorImpl.java:57)
	at sun.reflect.DelegatingMethodAccessorImpl.invoke(DelegatingMethodAccessorImpl.java:43)
	at java.lang.reflect.Method.invoke(Method.java:606)
	at org.gradle.messaging.dispatch.ReflectionDispatch.dispatch(ReflectionDispatch.java:35)
	at org.gradle.messaging.dispatch.ReflectionDispatch.dispatch(ReflectionDispatch.java:24)
	at org.gradle.messaging.dispatch.ContextClassLoaderDispatch.dispatch(ContextClassLoaderDispatch.java:32)
	at org.gradle.messaging.dispatch.ProxyDispatchAdapter$DispatchingInvocationHandler.invoke(ProxyDispatchAdapter.java:93)
	at com.sun.proxy.$Proxy2.processTestClass(Unknown Source)
	at org.gradle.api.internal.tasks.testing.worker.TestWorker.processTestClass(TestWorker.java:105)
	at sun.reflect.NativeMethodAccessorImpl.invoke0(Native Method)
	at sun.reflect.NativeMethodAccessorImpl.invoke(NativeMethodAccessorImpl.java:57)
	at sun.reflect.DelegatingMethodAccessorImpl.invoke(DelegatingMethodAccessorImpl.java:43)
	at java.lang.reflect.Method.invoke(Method.java:606)
	at org.gradle.messaging.dispatch.ReflectionDispatch.dispatch(ReflectionDispatch.java:35)
	at org.gradle.messaging.dispatch.ReflectionDispatch.dispatch(ReflectionDispatch.java:24)
	at org.gradle.messaging.remote.internal.hub.MessageHub$Handler.run(MessageHub.java:355)
	at org.gradle.internal.concurrent.DefaultExecutorFactory$StoppableExecutorImpl$1.run(DefaultExecutorFactory.java:64)
	at java.util.concurrent.ThreadPoolExecutor.runWorker(ThreadPoolExecutor.java:1145)
	at java.util.concurrent.ThreadPoolExecutor$Worker.run(ThreadPoolExecutor.java:615)
	at java.lang.Thread.run(Thread.java:744)
</failure>
  </testcase>
  <testcase name="testCreateTrack" classname="com.showmetheroute.service.track.TrackControllerTest" time="0.848">
    <failure message="java.lang.AssertionError: Status expected:&lt;201&gt; but was:&lt;400&gt;" type="java.lang.AssertionError">java.lang.AssertionError: Status expected:&lt;201&gt; but was:&lt;400&gt;
	at org.springframework.test.util.AssertionErrors.fail(AssertionErrors.java:60)
	at org.springframework.test.util.AssertionErrors.assertEquals(AssertionErrors.java:89)
	at org.springframework.test.web.servlet.result.StatusResultMatchers$10.match(StatusResultMatchers.java:626)
	at org.springframework.test.web.servlet.MockMvc$1.andExpect(MockMvc.java:149)
	at com.showmetheroute.service.track.TrackControllerTest.testCreateTrack(TrackControllerTest.java:50)
	at sun.reflect.NativeMethodAccessorImpl.invoke0(Native Method)
	at sun.reflect.NativeMethodAccessorImpl.invoke(NativeMethodAccessorImpl.java:57)
	at sun.reflect.DelegatingMethodAccessorImpl.invoke(DelegatingMethodAccessorImpl.java:43)
	at java.lang.reflect.Method.invoke(Method.java:606)
	at org.junit.runners.model.FrameworkMethod$1.runReflectiveCall(FrameworkMethod.java:47)
	at org.junit.internal.runners.model.ReflectiveCallable.run(ReflectiveCallable.java:12)
	at org.junit.runners.model.FrameworkMethod.invokeExplosively(FrameworkMethod.java:44)
	at org.junit.internal.runners.statements.InvokeMethod.evaluate(InvokeMethod.java:17)
	at org.junit.internal.runners.statements.RunBefores.evaluate(RunBefores.java:26)
	at org.junit.runners.ParentRunner.runLeaf(ParentRunner.java:271)
	at org.junit.runners.BlockJUnit4ClassRunner.runChild(BlockJUnit4ClassRunner.java:70)
	at org.junit.runners.BlockJUnit4ClassRunner.runChild(BlockJUnit4ClassRunner.java:50)
	at org.junit.runners.ParentRunner$3.run(ParentRunner.java:238)
	at org.junit.runners.ParentRunner$1.schedule(ParentRunner.java:63)
	at org.junit.runners.ParentRunner.runChildren(ParentRunner.java:236)
	at org.junit.runners.ParentRunner.access$000(ParentRunner.java:53)
	at org.junit.runners.ParentRunner$2.evaluate(ParentRunner.java:229)
	at org.junit.runners.ParentRunner.run(ParentRunner.java:309)
	at org.gradle.api.internal.tasks.testing.junit.JUnitTestClassExecuter.runTestClass(JUnitTestClassExecuter.java:86)
	at org.gradle.api.internal.tasks.testing.junit.JUnitTestClassExecuter.execute(JUnitTestClassExecuter.java:49)
	at org.gradle.api.internal.tasks.testing.junit.JUnitTestClassProcessor.processTestClass(JUnitTestClassProcessor.java:69)
	at org.gradle.api.internal.tasks.testing.SuiteTestClassProcessor.processTestClass(SuiteTestClassProcessor.java:50)
	at sun.reflect.NativeMethodAccessorImpl.invoke0(Native Method)
	at sun.reflect.NativeMethodAccessorImpl.invoke(NativeMethodAccessorImpl.java:57)
	at sun.reflect.DelegatingMethodAccessorImpl.invoke(DelegatingMethodAccessorImpl.java:43)
	at java.lang.reflect.Method.invoke(Method.java:606)
	at org.gradle.messaging.dispatch.ReflectionDispatch.dispatch(ReflectionDispatch.java:35)
	at org.gradle.messaging.dispatch.ReflectionDispatch.dispatch(ReflectionDispatch.java:24)
	at org.gradle.messaging.dispatch.ContextClassLoaderDispatch.dispatch(ContextClassLoaderDispatch.java:32)
	at org.gradle.messaging.dispatch.ProxyDispatchAdapter$DispatchingInvocationHandler.invoke(ProxyDispatchAdapter.java:93)
	at com.sun.proxy.$Proxy2.processTestClass(Unknown Source)
	at org.gradle.api.internal.tasks.testing.worker.TestWorker.processTestClass(TestWorker.java:105)
	at sun.reflect.NativeMethodAccessorImpl.invoke0(Native Method)
	at sun.reflect.NativeMethodAccessorImpl.invoke(NativeMethodAccessorImpl.java:57)
	at sun.reflect.DelegatingMethodAccessorImpl.invoke(DelegatingMethodAccessorImpl.java:43)
	at java.lang.reflect.Method.invoke(Method.java:606)
	at org.gradle.messaging.dispatch.ReflectionDispatch.dispatch(ReflectionDispatch.java:35)
	at org.gradle.messaging.dispatch.ReflectionDispatch.dispatch(ReflectionDispatch.java:24)
	at org.gradle.messaging.remote.internal.hub.MessageHub$Handler.run(MessageHub.java:355)
	at org.gradle.internal.concurrent.DefaultExecutorFactory$StoppableExecutorImpl$1.run(DefaultExecutorFactory.java:64)
	at java.util.concurrent.ThreadPoolExecutor.runWorker(ThreadPoolExecutor.java:1145)
	at java.util.concurrent.ThreadPoolExecutor$Worker.run(ThreadPoolExecutor.java:615)
	at java.lang.Thread.run(Thread.java:744)
</failure>
  </testcase>
  <testcase name="testFindOneTrack" classname="com.showmetheroute.service.track.TrackControllerTest" time="0.128"/>
  <testcase name="testGetUnfoundTrackWaypoints" classname="com.showmetheroute.service.track.TrackControllerTest" time="0.169"/>
  <testcase name="testTrackCreationFails" classname="com.showmetheroute.service.track.TrackControllerTest" time="0.139">
    <failure message="java.lang.AssertionError: Status expected:&lt;406&gt; but was:&lt;400&gt;" type="java.lang.AssertionError">java.lang.AssertionError: Status expected:&lt;406&gt; but was:&lt;400&gt;
	at org.springframework.test.util.AssertionErrors.fail(AssertionErrors.java:60)
	at org.springframework.test.util.AssertionErrors.assertEquals(AssertionErrors.java:89)
	at org.springframework.test.web.servlet.result.StatusResultMatchers$10.match(StatusResultMatchers.java:626)
	at org.springframework.test.web.servlet.MockMvc$1.andExpect(MockMvc.java:149)
	at com.showmetheroute.service.track.TrackControllerTest.testTrackCreationFails(TrackControllerTest.java:61)
	at sun.reflect.NativeMethodAccessorImpl.invoke0(Native Method)
	at sun.reflect.NativeMethodAccessorImpl.invoke(NativeMethodAccessorImpl.java:57)
	at sun.reflect.DelegatingMethodAccessorImpl.invoke(DelegatingMethodAccessorImpl.java:43)
	at java.lang.reflect.Method.invoke(Method.java:606)
	at org.junit.runners.model.FrameworkMethod$1.runReflectiveCall(FrameworkMethod.java:47)
	at org.junit.internal.runners.model.ReflectiveCallable.run(ReflectiveCallable.java:12)
	at org.junit.runners.model.FrameworkMethod.invokeExplosively(FrameworkMethod.java:44)
	at org.junit.internal.runners.statements.InvokeMethod.evaluate(InvokeMethod.java:17)
	at org.junit.internal.runners.statements.RunBefores.evaluate(RunBefores.java:26)
	at org.junit.runners.ParentRunner.runLeaf(ParentRunner.java:271)
	at org.junit.runners.BlockJUnit4ClassRunner.runChild(BlockJUnit4ClassRunner.java:70)
	at org.junit.runners.BlockJUnit4ClassRunner.runChild(BlockJUnit4ClassRunner.java:50)
	at org.junit.runners.ParentRunner$3.run(ParentRunner.java:238)
	at org.junit.runners.ParentRunner$1.schedule(ParentRunner.java:63)
	at org.junit.runners.ParentRunner.runChildren(ParentRunner.java:236)
	at org.junit.runners.ParentRunner.access$000(ParentRunner.java:53)
	at org.junit.runners.ParentRunner$2.evaluate(ParentRunner.java:229)
	at org.junit.runners.ParentRunner.run(ParentRunner.java:309)
	at org.gradle.api.internal.tasks.testing.junit.JUnitTestClassExecuter.runTestClass(JUnitTestClassExecuter.java:86)
	at org.gradle.api.internal.tasks.testing.junit.JUnitTestClassExecuter.execute(JUnitTestClassExecuter.java:49)
	at org.gradle.api.internal.tasks.testing.junit.JUnitTestClassProcessor.processTestClass(JUnitTestClassProcessor.java:69)
	at org.gradle.api.internal.tasks.testing.SuiteTestClassProcessor.processTestClass(SuiteTestClassProcessor.java:50)
	at sun.reflect.NativeMethodAccessorImpl.invoke0(Native Method)
	at sun.reflect.NativeMethodAccessorImpl.invoke(NativeMethodAccessorImpl.java:57)
	at sun.reflect.DelegatingMethodAccessorImpl.invoke(DelegatingMethodAccessorImpl.java:43)
	at java.lang.reflect.Method.invoke(Method.java:606)
	at org.gradle.messaging.dispatch.ReflectionDispatch.dispatch(ReflectionDispatch.java:35)
	at org.gradle.messaging.dispatch.ReflectionDispatch.dispatch(ReflectionDispatch.java:24)
	at org.gradle.messaging.dispatch.ContextClassLoaderDispatch.dispatch(ContextClassLoaderDispatch.java:32)
	at org.gradle.messaging.dispatch.ProxyDispatchAdapter$DispatchingInvocationHandler.invoke(ProxyDispatchAdapter.java:93)
	at com.sun.proxy.$Proxy2.processTestClass(Unknown Source)
	at org.gradle.api.internal.tasks.testing.worker.TestWorker.processTestClass(TestWorker.java:105)
	at sun.reflect.NativeMethodAccessorImpl.invoke0(Native Method)
	at sun.reflect.NativeMethodAccessorImpl.invoke(NativeMethodAccessorImpl.java:57)
	at sun.reflect.DelegatingMethodAccessorImpl.invoke(DelegatingMethodAccessorImpl.java:43)
	at java.lang.reflect.Method.invoke(Method.java:606)
	at org.gradle.messaging.dispatch.ReflectionDispatch.dispatch(ReflectionDispatch.java:35)
	at org.gradle.messaging.dispatch.ReflectionDispatch.dispatch(ReflectionDispatch.java:24)
	at org.gradle.messaging.remote.internal.hub.MessageHub$Handler.run(MessageHub.java:355)
	at org.gradle.internal.concurrent.DefaultExecutorFactory$StoppableExecutorImpl$1.run(DefaultExecutorFactory.java:64)
	at java.util.concurrent.ThreadPoolExecutor.runWorker(ThreadPoolExecutor.java:1145)
	at java.util.concurrent.ThreadPoolExecutor$Worker.run(ThreadPoolExecutor.java:615)
	at java.lang.Thread.run(Thread.java:744)
</failure>
  </testcase>
  <testcase name="testUpdateTrackWaypoints" classname="com.showmetheroute.service.track.TrackControllerTest" time="0.117">
    <failure message="java.lang.AssertionError: Status expected:&lt;201&gt; but was:&lt;415&gt;" type="java.lang.AssertionError">java.lang.AssertionError: Status expected:&lt;201&gt; but was:&lt;415&gt;
	at org.springframework.test.util.AssertionErrors.fail(AssertionErrors.java:60)
	at org.springframework.test.util.AssertionErrors.assertEquals(AssertionErrors.java:89)
	at org.springframework.test.web.servlet.result.StatusResultMatchers$10.match(StatusResultMatchers.java:626)
	at org.springframework.test.web.servlet.MockMvc$1.andExpect(MockMvc.java:149)
	at com.showmetheroute.service.track.TrackControllerTest.testUpdateTrackWaypoints(TrackControllerTest.java:115)
	at sun.reflect.NativeMethodAccessorImpl.invoke0(Native Method)
	at sun.reflect.NativeMethodAccessorImpl.invoke(NativeMethodAccessorImpl.java:57)
	at sun.reflect.DelegatingMethodAccessorImpl.invoke(DelegatingMethodAccessorImpl.java:43)
	at java.lang.reflect.Method.invoke(Method.java:606)
	at org.junit.runners.model.FrameworkMethod$1.runReflectiveCall(FrameworkMethod.java:47)
	at org.junit.internal.runners.model.ReflectiveCallable.run(ReflectiveCallable.java:12)
	at org.junit.runners.model.FrameworkMethod.invokeExplosively(FrameworkMethod.java:44)
	at org.junit.internal.runners.statements.InvokeMethod.evaluate(InvokeMethod.java:17)
	at org.junit.internal.runners.statements.RunBefores.evaluate(RunBefores.java:26)
	at org.junit.runners.ParentRunner.runLeaf(ParentRunner.java:271)
	at org.junit.runners.BlockJUnit4ClassRunner.runChild(BlockJUnit4ClassRunner.java:70)
	at org.junit.runners.BlockJUnit4ClassRunner.runChild(BlockJUnit4ClassRunner.java:50)
	at org.junit.runners.ParentRunner$3.run(ParentRunner.java:238)
	at org.junit.runners.ParentRunner$1.schedule(ParentRunner.java:63)
	at org.junit.runners.ParentRunner.runChildren(ParentRunner.java:236)
	at org.junit.runners.ParentRunner.access$000(ParentRunner.java:53)
	at org.junit.runners.ParentRunner$2.evaluate(ParentRunner.java:229)
	at org.junit.runners.ParentRunner.run(ParentRunner.java:309)
	at org.gradle.api.internal.tasks.testing.junit.JUnitTestClassExecuter.runTestClass(JUnitTestClassExecuter.java:86)
	at org.gradle.api.internal.tasks.testing.junit.JUnitTestClassExecuter.execute(JUnitTestClassExecuter.java:49)
	at org.gradle.api.internal.tasks.testing.junit.JUnitTestClassProcessor.processTestClass(JUnitTestClassProcessor.java:69)
	at org.gradle.api.internal.tasks.testing.SuiteTestClassProcessor.processTestClass(SuiteTestClassProcessor.java:50)
	at sun.reflect.NativeMethodAccessorImpl.invoke0(Native Method)
	at sun.reflect.NativeMethodAccessorImpl.invoke(NativeMethodAccessorImpl.java:57)
	at sun.reflect.DelegatingMethodAccessorImpl.invoke(DelegatingMethodAccessorImpl.java:43)
	at java.lang.reflect.Method.invoke(Method.java:606)
	at org.gradle.messaging.dispatch.ReflectionDispatch.dispatch(ReflectionDispatch.java:35)
	at org.gradle.messaging.dispatch.ReflectionDispatch.dispatch(ReflectionDispatch.java:24)
	at org.gradle.messaging.dispatch.ContextClassLoaderDispatch.dispatch(ContextClassLoaderDispatch.java:32)
	at org.gradle.messaging.dispatch.ProxyDispatchAdapter$DispatchingInvocationHandler.invoke(ProxyDispatchAdapter.java:93)
	at com.sun.proxy.$Proxy2.processTestClass(Unknown Source)
	at org.gradle.api.internal.tasks.testing.worker.TestWorker.processTestClass(TestWorker.java:105)
	at sun.reflect.NativeMethodAccessorImpl.invoke0(Native Method)
	at sun.reflect.NativeMethodAccessorImpl.invoke(NativeMethodAccessorImpl.java:57)
	at sun.reflect.DelegatingMethodAccessorImpl.invoke(DelegatingMethodAccessorImpl.java:43)
	at java.lang.reflect.Method.invoke(Method.java:606)
	at org.gradle.messaging.dispatch.ReflectionDispatch.dispatch(ReflectionDispatch.java:35)
	at org.gradle.messaging.dispatch.ReflectionDispatch.dispatch(ReflectionDispatch.java:24)
	at org.gradle.messaging.remote.internal.hub.MessageHub$Handler.run(MessageHub.java:355)
	at org.gradle.internal.concurrent.DefaultExecutorFactory$StoppableExecutorImpl$1.run(DefaultExecutorFactory.java:64)
	at java.util.concurrent.ThreadPoolExecutor.runWorker(ThreadPoolExecutor.java:1145)
	at java.util.concurrent.ThreadPoolExecutor$Worker.run(ThreadPoolExecutor.java:615)
	at java.lang.Thread.run(Thread.java:744)
</failure>
  </testcase>
  <testcase name="testGetTrackWaypoints" classname="com.showmetheroute.service.track.TrackControllerTest" time="0.091"/>
  <testcase name="testTrackNotFound" classname="com.showmetheroute.service.track.TrackControllerTest" time="0.088"/>
  <testcase name="testUpdateUnfoundTrackWaypoints" classname="com.showmetheroute.service.track.TrackControllerTest" time="0.135">
    <failure message="java.lang.AssertionError: Status expected:&lt;404&gt; but was:&lt;415&gt;" type="java.lang.AssertionError">java.lang.AssertionError: Status expected:&lt;404&gt; but was:&lt;415&gt;
	at org.springframework.test.util.AssertionErrors.fail(AssertionErrors.java:60)
	at org.springframework.test.util.AssertionErrors.assertEquals(AssertionErrors.java:89)
	at org.springframework.test.web.servlet.result.StatusResultMatchers$10.match(StatusResultMatchers.java:626)
	at org.springframework.test.web.servlet.MockMvc$1.andExpect(MockMvc.java:149)
	at com.showmetheroute.service.track.TrackControllerTest.testUpdateUnfoundTrackWaypoints(TrackControllerTest.java:122)
	at sun.reflect.NativeMethodAccessorImpl.invoke0(Native Method)
	at sun.reflect.NativeMethodAccessorImpl.invoke(NativeMethodAccessorImpl.java:57)
	at sun.reflect.DelegatingMethodAccessorImpl.invoke(DelegatingMethodAccessorImpl.java:43)
	at java.lang.reflect.Method.invoke(Method.java:606)
	at org.junit.runners.model.FrameworkMethod$1.runReflectiveCall(FrameworkMethod.java:47)
	at org.junit.internal.runners.model.ReflectiveCallable.run(ReflectiveCallable.java:12)
	at org.junit.runners.model.FrameworkMethod.invokeExplosively(FrameworkMethod.java:44)
	at org.junit.internal.runners.statements.InvokeMethod.evaluate(InvokeMethod.java:17)
	at org.junit.internal.runners.statements.RunBefores.evaluate(RunBefores.java:26)
	at org.junit.runners.ParentRunner.runLeaf(ParentRunner.java:271)
	at org.junit.runners.BlockJUnit4ClassRunner.runChild(BlockJUnit4ClassRunner.java:70)
	at org.junit.runners.BlockJUnit4ClassRunner.runChild(BlockJUnit4ClassRunner.java:50)
	at org.junit.runners.ParentRunner$3.run(ParentRunner.java:238)
	at org.junit.runners.ParentRunner$1.schedule(ParentRunner.java:63)
	at org.junit.runners.ParentRunner.runChildren(ParentRunner.java:236)
	at org.junit.runners.ParentRunner.access$000(ParentRunner.java:53)
	at org.junit.runners.ParentRunner$2.evaluate(ParentRunner.java:229)
	at org.junit.runners.ParentRunner.run(ParentRunner.java:309)
	at org.gradle.api.internal.tasks.testing.junit.JUnitTestClassExecuter.runTestClass(JUnitTestClassExecuter.java:86)
	at org.gradle.api.internal.tasks.testing.junit.JUnitTestClassExecuter.execute(JUnitTestClassExecuter.java:49)
	at org.gradle.api.internal.tasks.testing.junit.JUnitTestClassProcessor.processTestClass(JUnitTestClassProcessor.java:69)
	at org.gradle.api.internal.tasks.testing.SuiteTestClassProcessor.processTestClass(SuiteTestClassProcessor.java:50)
	at sun.reflect.NativeMethodAccessorImpl.invoke0(Native Method)
	at sun.reflect.NativeMethodAccessorImpl.invoke(NativeMethodAccessorImpl.java:57)
	at sun.reflect.DelegatingMethodAccessorImpl.invoke(DelegatingMethodAccessorImpl.java:43)
	at java.lang.reflect.Method.invoke(Method.java:606)
	at org.gradle.messaging.dispatch.ReflectionDispatch.dispatch(ReflectionDispatch.java:35)
	at org.gradle.messaging.dispatch.ReflectionDispatch.dispatch(ReflectionDispatch.java:24)
	at org.gradle.messaging.dispatch.ContextClassLoaderDispatch.dispatch(ContextClassLoaderDispatch.java:32)
	at org.gradle.messaging.dispatch.ProxyDispatchAdapter$DispatchingInvocationHandler.invoke(ProxyDispatchAdapter.java:93)
	at com.sun.proxy.$Proxy2.processTestClass(Unknown Source)
	at org.gradle.api.internal.tasks.testing.worker.TestWorker.processTestClass(TestWorker.java:105)
	at sun.reflect.NativeMethodAccessorImpl.invoke0(Native Method)
	at sun.reflect.NativeMethodAccessorImpl.invoke(NativeMethodAccessorImpl.java:57)
	at sun.reflect.DelegatingMethodAccessorImpl.invoke(DelegatingMethodAccessorImpl.java:43)
	at java.lang.reflect.Method.invoke(Method.java:606)
	at org.gradle.messaging.dispatch.ReflectionDispatch.dispatch(ReflectionDispatch.java:35)
	at org.gradle.messaging.dispatch.ReflectionDispatch.dispatch(ReflectionDispatch.java:24)
	at org.gradle.messaging.remote.internal.hub.MessageHub$Handler.run(MessageHub.java:355)
	at org.gradle.internal.concurrent.DefaultExecutorFactory$StoppableExecutorImpl$1.run(DefaultExecutorFactory.java:64)
	at java.util.concurrent.ThreadPoolExecutor.runWorker(ThreadPoolExecutor.java:1145)
	at java.util.concurrent.ThreadPoolExecutor$Worker.run(ThreadPoolExecutor.java:615)
	at java.lang.Thread.run(Thread.java:744)
</failure>
  </testcase>
  <testcase name="testDeleteUnfoundTrack" classname="com.showmetheroute.service.track.TrackControllerTest" time="0.127"/>
  <testcase name="testFindAllTracks" classname="com.showmetheroute.service.track.TrackControllerTest" time="0.076"/>
  <system-out><![CDATA[09:59:58.761 [Test worker] DEBUG o.s.core.env.StandardEnvironment - Adding [systemProperties] PropertySource with lowest search precedence
09:59:59.577 [Test worker] DEBUG o.s.core.env.StandardEnvironment - Adding [systemEnvironment] PropertySource with lowest search precedence
09:59:59.579 [Test worker] DEBUG o.s.core.env.StandardEnvironment - Initialized StandardEnvironment with PropertySources [systemProperties,systemEnvironment]
10:00:03.371 [Test worker] INFO  o.s.t.w.s.s.StandaloneMockMvcBuilder$StaticRequestMappingHandlerMapping - Mapped "{[/tracks/{id}],methods=[GET],params=[],headers=[],consumes=[],produces=[],custom=[]}" onto public org.springframework.http.ResponseEntity<com.showmetheroute.persistence.domain.Track> com.showmetheroute.service.track.TrackController.getTrack(java.lang.String)
10:00:03.411 [Test worker] INFO  o.s.t.w.s.s.StandaloneMockMvcBuilder$StaticRequestMappingHandlerMapping - Mapped "{[/tracks/{id}/waypoints],methods=[GET],params=[],headers=[],consumes=[],produces=[],custom=[]}" onto public org.springframework.http.ResponseEntity<java.util.List<com.showmetheroute.persistence.domain.WayPoint>> com.showmetheroute.service.track.TrackController.getTrackWaypoints(java.lang.String)
10:00:03.414 [Test worker] INFO  o.s.t.w.s.s.StandaloneMockMvcBuilder$StaticRequestMappingHandlerMapping - Mapped "{[/tracks/{id}/waypoints],methods=[PUT],params=[],headers=[],consumes=[],produces=[],custom=[]}" onto public org.springframework.http.ResponseEntity<java.util.List<com.showmetheroute.persistence.domain.WayPoint>> com.showmetheroute.service.track.TrackController.updateTrackWaypoints(java.lang.String,java.util.List<com.showmetheroute.persistence.domain.WayPoint>,org.springframework.web.util.UriComponentsBuilder)
10:00:03.418 [Test worker] INFO  o.s.t.w.s.s.StandaloneMockMvcBuilder$StaticRequestMappingHandlerMapping - Mapped "{[/tracks/{id}],methods=[DELETE],params=[],headers=[],consumes=[],produces=[],custom=[]}" onto public org.springframework.http.ResponseEntity<com.showmetheroute.persistence.domain.Track> com.showmetheroute.service.track.TrackController.deleteTrack(java.lang.String)
10:00:03.420 [Test worker] INFO  o.s.t.w.s.s.StandaloneMockMvcBuilder$StaticRequestMappingHandlerMapping - Mapped "{[/tracks],methods=[POST],params=[],headers=[],consumes=[],produces=[],custom=[]}" onto public org.springframework.http.ResponseEntity<com.showmetheroute.persistence.domain.Track> com.showmetheroute.service.track.TrackController.createTrack(com.showmetheroute.persistence.domain.Track,org.springframework.web.util.UriComponentsBuilder)
10:00:03.423 [Test worker] INFO  o.s.t.w.s.s.StandaloneMockMvcBuilder$StaticRequestMappingHandlerMapping - Mapped "{[/tracks],methods=[GET],params=[],headers=[],consumes=[],produces=[],custom=[]}" onto public java.lang.Iterable<com.showmetheroute.persistence.domain.Track> com.showmetheroute.service.track.TrackController.listTracks()
10:00:12.839 [Test worker] DEBUG o.s.w.s.m.m.a.RequestMappingHandlerAdapter - Looking for controller advice: org.springframework.test.web.servlet.setup.StubWebApplicationContext@7ca9f82b
10:00:13.661 [Test worker] DEBUG o.s.t.w.s.TestDispatcherServlet - Initializing servlet ''
10:00:13.813 [Test worker] DEBUG o.s.w.c.s.StandardServletEnvironment - Adding [servletConfigInitParams] PropertySource with lowest search precedence
10:00:13.815 [Test worker] DEBUG o.s.w.c.s.StandardServletEnvironment - Adding [servletContextInitParams] PropertySource with lowest search precedence
10:00:14.208 [Test worker] DEBUG o.s.w.c.s.StandardServletEnvironment - Adding [jndiProperties] PropertySource with lowest search precedence
10:00:14.210 [Test worker] DEBUG o.s.w.c.s.StandardServletEnvironment - Adding [systemProperties] PropertySource with lowest search precedence
10:00:14.211 [Test worker] DEBUG o.s.w.c.s.StandardServletEnvironment - Adding [systemEnvironment] PropertySource with lowest search precedence
10:00:14.215 [Test worker] DEBUG o.s.w.c.s.StandardServletEnvironment - Initialized StandardServletEnvironment with PropertySources [servletConfigInitParams,servletContextInitParams,jndiProperties,systemProperties,systemEnvironment]
10:00:14.225 [Test worker] INFO  o.s.mock.web.MockServletContext - Initializing Spring FrameworkServlet ''
10:00:14.226 [Test worker] INFO  o.s.t.w.s.TestDispatcherServlet - FrameworkServlet '': initialization started
10:00:14.294 [Test worker] DEBUG o.s.t.w.s.TestDispatcherServlet - Unable to locate MultipartResolver with name 'multipartResolver': no multipart request handling provided
10:00:14.296 [Test worker] DEBUG o.s.t.w.s.TestDispatcherServlet - Using LocaleResolver [org.springframework.web.servlet.i18n.AcceptHeaderLocaleResolver@545a7aac]
10:00:14.297 [Test worker] DEBUG o.s.t.w.s.TestDispatcherServlet - Using ThemeResolver [org.springframework.web.servlet.theme.FixedThemeResolver@2bdd78]
10:00:14.299 [Test worker] DEBUG o.s.t.w.s.TestDispatcherServlet - Using RequestToViewNameTranslator [org.springframework.web.servlet.view.DefaultRequestToViewNameTranslator@3fd8f15e]
10:00:14.301 [Test worker] DEBUG o.s.t.w.s.TestDispatcherServlet - Using FlashMapManager [org.springframework.web.servlet.support.SessionFlashMapManager@3bce7311]
10:00:14.302 [Test worker] DEBUG o.s.t.w.s.TestDispatcherServlet - Published WebApplicationContext of servlet '' as ServletContext attribute with name [org.springframework.web.servlet.FrameworkServlet.CONTEXT.]
10:00:14.304 [Test worker] INFO  o.s.t.w.s.TestDispatcherServlet - FrameworkServlet '': initialization completed in 77 ms
10:00:14.305 [Test worker] DEBUG o.s.t.w.s.TestDispatcherServlet - Servlet '' configured successfully
10:00:15.294 [Test worker] DEBUG o.s.t.w.s.TestDispatcherServlet - DispatcherServlet with name '' processing DELETE request for [/tracks/TRACK_ID]
10:00:15.297 [Test worker] DEBUG o.s.t.w.s.s.StandaloneMockMvcBuilder$StaticRequestMappingHandlerMapping - Looking up handler method for path /tracks/TRACK_ID
10:00:15.380 [Test worker] DEBUG o.s.t.w.s.s.StandaloneMockMvcBuilder$StaticRequestMappingHandlerMapping - Returning handler method [public org.springframework.http.ResponseEntity<com.showmetheroute.persistence.domain.Track> com.showmetheroute.service.track.TrackController.deleteTrack(java.lang.String)]
10:00:16.350 [Test worker] DEBUG o.s.w.s.m.m.a.HttpEntityMethodProcessor - Written [com.showmetheroute.persistence.domain.Track@2ced9059] as "application/json;charset=UTF-8" using [org.springframework.http.converter.json.MappingJackson2HttpMessageConverter@209fda1a]
10:00:16.365 [Test worker] DEBUG o.s.t.w.s.TestDispatcherServlet - Null ModelAndView returned to DispatcherServlet with name '': assuming HandlerAdapter completed request handling
10:00:16.366 [Test worker] DEBUG o.s.t.w.s.TestDispatcherServlet - Successfully completed request
10:00:16.436 [Test worker] DEBUG o.s.core.env.StandardEnvironment - Adding [systemProperties] PropertySource with lowest search precedence
10:00:16.436 [Test worker] DEBUG o.s.core.env.StandardEnvironment - Adding [systemEnvironment] PropertySource with lowest search precedence
10:00:16.437 [Test worker] DEBUG o.s.core.env.StandardEnvironment - Initialized StandardEnvironment with PropertySources [systemProperties,systemEnvironment]
10:00:16.443 [Test worker] INFO  o.s.t.w.s.s.StandaloneMockMvcBuilder$StaticRequestMappingHandlerMapping - Mapped "{[/tracks/{id}],methods=[GET],params=[],headers=[],consumes=[],produces=[],custom=[]}" onto public org.springframework.http.ResponseEntity<com.showmetheroute.persistence.domain.Track> com.showmetheroute.service.track.TrackController.getTrack(java.lang.String)
10:00:16.444 [Test worker] INFO  o.s.t.w.s.s.StandaloneMockMvcBuilder$StaticRequestMappingHandlerMapping - Mapped "{[/tracks/{id}/waypoints],methods=[GET],params=[],headers=[],consumes=[],produces=[],custom=[]}" onto public org.springframework.http.ResponseEntity<java.util.List<com.showmetheroute.persistence.domain.WayPoint>> com.showmetheroute.service.track.TrackController.getTrackWaypoints(java.lang.String)
10:00:16.444 [Test worker] INFO  o.s.t.w.s.s.StandaloneMockMvcBuilder$StaticRequestMappingHandlerMapping - Mapped "{[/tracks/{id}/waypoints],methods=[PUT],params=[],headers=[],consumes=[],produces=[],custom=[]}" onto public org.springframework.http.ResponseEntity<java.util.List<com.showmetheroute.persistence.domain.WayPoint>> com.showmetheroute.service.track.TrackController.updateTrackWaypoints(java.lang.String,java.util.List<com.showmetheroute.persistence.domain.WayPoint>,org.springframework.web.util.UriComponentsBuilder)
10:00:16.445 [Test worker] INFO  o.s.t.w.s.s.StandaloneMockMvcBuilder$StaticRequestMappingHandlerMapping - Mapped "{[/tracks/{id}],methods=[DELETE],params=[],headers=[],consumes=[],produces=[],custom=[]}" onto public org.springframework.http.ResponseEntity<com.showmetheroute.persistence.domain.Track> com.showmetheroute.service.track.TrackController.deleteTrack(java.lang.String)
10:00:16.446 [Test worker] INFO  o.s.t.w.s.s.StandaloneMockMvcBuilder$StaticRequestMappingHandlerMapping - Mapped "{[/tracks],methods=[POST],params=[],headers=[],consumes=[],produces=[],custom=[]}" onto public org.springframework.http.ResponseEntity<com.showmetheroute.persistence.domain.Track> com.showmetheroute.service.track.TrackController.createTrack(com.showmetheroute.persistence.domain.Track,org.springframework.web.util.UriComponentsBuilder)
10:00:16.446 [Test worker] INFO  o.s.t.w.s.s.StandaloneMockMvcBuilder$StaticRequestMappingHandlerMapping - Mapped "{[/tracks],methods=[GET],params=[],headers=[],consumes=[],produces=[],custom=[]}" onto public java.lang.Iterable<com.showmetheroute.persistence.domain.Track> com.showmetheroute.service.track.TrackController.listTracks()
10:00:16.501 [Test worker] DEBUG o.s.w.s.m.m.a.RequestMappingHandlerAdapter - Looking for controller advice: org.springframework.test.web.servlet.setup.StubWebApplicationContext@570ae101
10:00:16.527 [Test worker] DEBUG o.s.t.w.s.TestDispatcherServlet - Initializing servlet ''
10:00:16.537 [Test worker] DEBUG o.s.w.c.s.StandardServletEnvironment - Adding [servletConfigInitParams] PropertySource with lowest search precedence
10:00:16.541 [Test worker] DEBUG o.s.w.c.s.StandardServletEnvironment - Adding [servletContextInitParams] PropertySource with lowest search precedence
10:00:16.541 [Test worker] DEBUG o.s.w.c.s.StandardServletEnvironment - Adding [jndiProperties] PropertySource with lowest search precedence
10:00:16.543 [Test worker] DEBUG o.s.w.c.s.StandardServletEnvironment - Adding [systemProperties] PropertySource with lowest search precedence
10:00:16.544 [Test worker] DEBUG o.s.w.c.s.StandardServletEnvironment - Adding [systemEnvironment] PropertySource with lowest search precedence
10:00:16.551 [Test worker] DEBUG o.s.w.c.s.StandardServletEnvironment - Initialized StandardServletEnvironment with PropertySources [servletConfigInitParams,servletContextInitParams,jndiProperties,systemProperties,systemEnvironment]
10:00:16.552 [Test worker] INFO  o.s.mock.web.MockServletContext - Initializing Spring FrameworkServlet ''
10:00:16.552 [Test worker] INFO  o.s.t.w.s.TestDispatcherServlet - FrameworkServlet '': initialization started
10:00:16.553 [Test worker] DEBUG o.s.t.w.s.TestDispatcherServlet - Unable to locate MultipartResolver with name 'multipartResolver': no multipart request handling provided
10:00:16.553 [Test worker] DEBUG o.s.t.w.s.TestDispatcherServlet - Using LocaleResolver [org.springframework.web.servlet.i18n.AcceptHeaderLocaleResolver@2e673b8d]
10:00:16.554 [Test worker] DEBUG o.s.t.w.s.TestDispatcherServlet - Using ThemeResolver [org.springframework.web.servlet.theme.FixedThemeResolver@7b76bdc7]
10:00:16.555 [Test worker] DEBUG o.s.t.w.s.TestDispatcherServlet - Using RequestToViewNameTranslator [org.springframework.web.servlet.view.DefaultRequestToViewNameTranslator@30a59324]
10:00:16.555 [Test worker] DEBUG o.s.t.w.s.TestDispatcherServlet - Using FlashMapManager [org.springframework.web.servlet.support.SessionFlashMapManager@465f396f]
10:00:16.560 [Test worker] DEBUG o.s.t.w.s.TestDispatcherServlet - Published WebApplicationContext of servlet '' as ServletContext attribute with name [org.springframework.web.servlet.FrameworkServlet.CONTEXT.]
10:00:16.560 [Test worker] INFO  o.s.t.w.s.TestDispatcherServlet - FrameworkServlet '': initialization completed in 7 ms
10:00:16.568 [Test worker] DEBUG o.s.t.w.s.TestDispatcherServlet - Servlet '' configured successfully
10:00:16.573 [Test worker] DEBUG o.s.t.w.s.TestDispatcherServlet - DispatcherServlet with name '' processing PUT request for [/tracks/TRACK_ID/waypoints]
10:00:16.573 [Test worker] DEBUG o.s.t.w.s.s.StandaloneMockMvcBuilder$StaticRequestMappingHandlerMapping - Looking up handler method for path /tracks/TRACK_ID/waypoints
10:00:16.575 [Test worker] DEBUG o.s.t.w.s.s.StandaloneMockMvcBuilder$StaticRequestMappingHandlerMapping - Returning handler method [public org.springframework.http.ResponseEntity<java.util.List<com.showmetheroute.persistence.domain.WayPoint>> com.showmetheroute.service.track.TrackController.updateTrackWaypoints(java.lang.String,java.util.List<com.showmetheroute.persistence.domain.WayPoint>,org.springframework.web.util.UriComponentsBuilder)]
10:00:16.848 [Test worker] DEBUG o.s.w.s.m.m.a.ExceptionHandlerExceptionResolver - Resolving exception from handler [public org.springframework.http.ResponseEntity<java.util.List<com.showmetheroute.persistence.domain.WayPoint>> com.showmetheroute.service.track.TrackController.updateTrackWaypoints(java.lang.String,java.util.List<com.showmetheroute.persistence.domain.WayPoint>,org.springframework.web.util.UriComponentsBuilder)]: org.springframework.web.HttpMediaTypeNotSupportedException: Content type 'application/octet-stream' not supported
10:00:16.883 [Test worker] DEBUG o.s.w.s.m.a.ResponseStatusExceptionResolver - Resolving exception from handler [public org.springframework.http.ResponseEntity<java.util.List<com.showmetheroute.persistence.domain.WayPoint>> com.showmetheroute.service.track.TrackController.updateTrackWaypoints(java.lang.String,java.util.List<com.showmetheroute.persistence.domain.WayPoint>,org.springframework.web.util.UriComponentsBuilder)]: org.springframework.web.HttpMediaTypeNotSupportedException: Content type 'application/octet-stream' not supported
10:00:16.888 [Test worker] DEBUG o.s.w.s.m.s.DefaultHandlerExceptionResolver - Resolving exception from handler [public org.springframework.http.ResponseEntity<java.util.List<com.showmetheroute.persistence.domain.WayPoint>> com.showmetheroute.service.track.TrackController.updateTrackWaypoints(java.lang.String,java.util.List<com.showmetheroute.persistence.domain.WayPoint>,org.springframework.web.util.UriComponentsBuilder)]: org.springframework.web.HttpMediaTypeNotSupportedException: Content type 'application/octet-stream' not supported
10:00:16.973 [Test worker] DEBUG o.s.t.w.s.TestDispatcherServlet - Null ModelAndView returned to DispatcherServlet with name '': assuming HandlerAdapter completed request handling
10:00:16.974 [Test worker] DEBUG o.s.t.w.s.TestDispatcherServlet - Successfully completed request
10:00:17.024 [Test worker] DEBUG o.s.core.env.StandardEnvironment - Adding [systemProperties] PropertySource with lowest search precedence
10:00:17.024 [Test worker] DEBUG o.s.core.env.StandardEnvironment - Adding [systemEnvironment] PropertySource with lowest search precedence
10:00:17.025 [Test worker] DEBUG o.s.core.env.StandardEnvironment - Initialized StandardEnvironment with PropertySources [systemProperties,systemEnvironment]
10:00:17.029 [Test worker] INFO  o.s.t.w.s.s.StandaloneMockMvcBuilder$StaticRequestMappingHandlerMapping - Mapped "{[/tracks/{id}],methods=[GET],params=[],headers=[],consumes=[],produces=[],custom=[]}" onto public org.springframework.http.ResponseEntity<com.showmetheroute.persistence.domain.Track> com.showmetheroute.service.track.TrackController.getTrack(java.lang.String)
10:00:17.029 [Test worker] INFO  o.s.t.w.s.s.StandaloneMockMvcBuilder$StaticRequestMappingHandlerMapping - Mapped "{[/tracks/{id}/waypoints],methods=[GET],params=[],headers=[],consumes=[],produces=[],custom=[]}" onto public org.springframework.http.ResponseEntity<java.util.List<com.showmetheroute.persistence.domain.WayPoint>> com.showmetheroute.service.track.TrackController.getTrackWaypoints(java.lang.String)
10:00:17.030 [Test worker] INFO  o.s.t.w.s.s.StandaloneMockMvcBuilder$StaticRequestMappingHandlerMapping - Mapped "{[/tracks/{id}/waypoints],methods=[PUT],params=[],headers=[],consumes=[],produces=[],custom=[]}" onto public org.springframework.http.ResponseEntity<java.util.List<com.showmetheroute.persistence.domain.WayPoint>> com.showmetheroute.service.track.TrackController.updateTrackWaypoints(java.lang.String,java.util.List<com.showmetheroute.persistence.domain.WayPoint>,org.springframework.web.util.UriComponentsBuilder)
10:00:17.030 [Test worker] INFO  o.s.t.w.s.s.StandaloneMockMvcBuilder$StaticRequestMappingHandlerMapping - Mapped "{[/tracks/{id}],methods=[DELETE],params=[],headers=[],consumes=[],produces=[],custom=[]}" onto public org.springframework.http.ResponseEntity<com.showmetheroute.persistence.domain.Track> com.showmetheroute.service.track.TrackController.deleteTrack(java.lang.String)
10:00:17.030 [Test worker] INFO  o.s.t.w.s.s.StandaloneMockMvcBuilder$StaticRequestMappingHandlerMapping - Mapped "{[/tracks],methods=[POST],params=[],headers=[],consumes=[],produces=[],custom=[]}" onto public org.springframework.http.ResponseEntity<com.showmetheroute.persistence.domain.Track> com.showmetheroute.service.track.TrackController.createTrack(com.showmetheroute.persistence.domain.Track,org.springframework.web.util.UriComponentsBuilder)
10:00:17.030 [Test worker] INFO  o.s.t.w.s.s.StandaloneMockMvcBuilder$StaticRequestMappingHandlerMapping - Mapped "{[/tracks],methods=[GET],params=[],headers=[],consumes=[],produces=[],custom=[]}" onto public java.lang.Iterable<com.showmetheroute.persistence.domain.Track> com.showmetheroute.service.track.TrackController.listTracks()
10:00:17.160 [Test worker] DEBUG o.s.w.s.m.m.a.RequestMappingHandlerAdapter - Looking for controller advice: org.springframework.test.web.servlet.setup.StubWebApplicationContext@51b9d4c
10:00:17.208 [Test worker] DEBUG o.s.t.w.s.TestDispatcherServlet - Initializing servlet ''
10:00:17.210 [Test worker] DEBUG o.s.w.c.s.StandardServletEnvironment - Adding [servletConfigInitParams] PropertySource with lowest search precedence
10:00:17.210 [Test worker] DEBUG o.s.w.c.s.StandardServletEnvironment - Adding [servletContextInitParams] PropertySource with lowest search precedence
10:00:17.210 [Test worker] DEBUG o.s.w.c.s.StandardServletEnvironment - Adding [jndiProperties] PropertySource with lowest search precedence
10:00:17.210 [Test worker] DEBUG o.s.w.c.s.StandardServletEnvironment - Adding [systemProperties] PropertySource with lowest search precedence
10:00:17.210 [Test worker] DEBUG o.s.w.c.s.StandardServletEnvironment - Adding [systemEnvironment] PropertySource with lowest search precedence
10:00:17.211 [Test worker] DEBUG o.s.w.c.s.StandardServletEnvironment - Initialized StandardServletEnvironment with PropertySources [servletConfigInitParams,servletContextInitParams,jndiProperties,systemProperties,systemEnvironment]
10:00:17.211 [Test worker] INFO  o.s.mock.web.MockServletContext - Initializing Spring FrameworkServlet ''
10:00:17.211 [Test worker] INFO  o.s.t.w.s.TestDispatcherServlet - FrameworkServlet '': initialization started
10:00:17.211 [Test worker] DEBUG o.s.t.w.s.TestDispatcherServlet - Unable to locate MultipartResolver with name 'multipartResolver': no multipart request handling provided
10:00:17.211 [Test worker] DEBUG o.s.t.w.s.TestDispatcherServlet - Using LocaleResolver [org.springframework.web.servlet.i18n.AcceptHeaderLocaleResolver@7bf51a2f]
10:00:17.211 [Test worker] DEBUG o.s.t.w.s.TestDispatcherServlet - Using ThemeResolver [org.springframework.web.servlet.theme.FixedThemeResolver@188a433d]
10:00:17.211 [Test worker] DEBUG o.s.t.w.s.TestDispatcherServlet - Using RequestToViewNameTranslator [org.springframework.web.servlet.view.DefaultRequestToViewNameTranslator@1d446661]
10:00:17.211 [Test worker] DEBUG o.s.t.w.s.TestDispatcherServlet - Using FlashMapManager [org.springframework.web.servlet.support.SessionFlashMapManager@759d7949]
10:00:17.211 [Test worker] DEBUG o.s.t.w.s.TestDispatcherServlet - Published WebApplicationContext of servlet '' as ServletContext attribute with name [org.springframework.web.servlet.FrameworkServlet.CONTEXT.]
10:00:17.211 [Test worker] INFO  o.s.t.w.s.TestDispatcherServlet - FrameworkServlet '': initialization completed in 0 ms
10:00:17.212 [Test worker] DEBUG o.s.t.w.s.TestDispatcherServlet - Servlet '' configured successfully
10:00:17.256 [Test worker] DEBUG o.s.t.w.s.TestDispatcherServlet - DispatcherServlet with name '' processing POST request for [/tracks]
10:00:17.256 [Test worker] DEBUG o.s.t.w.s.s.StandaloneMockMvcBuilder$StaticRequestMappingHandlerMapping - Looking up handler method for path /tracks
10:00:17.257 [Test worker] DEBUG o.s.t.w.s.s.StandaloneMockMvcBuilder$StaticRequestMappingHandlerMapping - Returning handler method [public org.springframework.http.ResponseEntity<com.showmetheroute.persistence.domain.Track> com.showmetheroute.service.track.TrackController.createTrack(com.showmetheroute.persistence.domain.Track,org.springframework.web.util.UriComponentsBuilder)]
10:00:17.555 [Test worker] DEBUG o.s.w.s.m.m.a.RequestResponseBodyMethodProcessor - Reading [class com.showmetheroute.persistence.domain.Track] as "application/json" using [org.springframework.http.converter.json.MappingJackson2HttpMessageConverter@436c8512]
10:00:17.640 [Test worker] DEBUG o.s.w.s.m.m.a.ExceptionHandlerExceptionResolver - Resolving exception from handler [public org.springframework.http.ResponseEntity<com.showmetheroute.persistence.domain.Track> com.showmetheroute.service.track.TrackController.createTrack(com.showmetheroute.persistence.domain.Track,org.springframework.web.util.UriComponentsBuilder)]: org.springframework.http.converter.HttpMessageNotReadableException: Could not read JSON: Unrecognized field "_id" (class com.showmetheroute.persistence.domain.Track), not marked as ignorable (2 known properties: "wayPoints", "id"])
 at [Source: org.springframework.mock.web.DelegatingServletInputStream@26b8e467; line: 1, column: 12] (through reference chain: com.showmetheroute.persistence.domain.Track["_id"]); nested exception is com.fasterxml.jackson.databind.exc.UnrecognizedPropertyException: Unrecognized field "_id" (class com.showmetheroute.persistence.domain.Track), not marked as ignorable (2 known properties: "wayPoints", "id"])
 at [Source: org.springframework.mock.web.DelegatingServletInputStream@26b8e467; line: 1, column: 12] (through reference chain: com.showmetheroute.persistence.domain.Track["_id"])
10:00:17.642 [Test worker] DEBUG o.s.w.s.m.a.ResponseStatusExceptionResolver - Resolving exception from handler [public org.springframework.http.ResponseEntity<com.showmetheroute.persistence.domain.Track> com.showmetheroute.service.track.TrackController.createTrack(com.showmetheroute.persistence.domain.Track,org.springframework.web.util.UriComponentsBuilder)]: org.springframework.http.converter.HttpMessageNotReadableException: Could not read JSON: Unrecognized field "_id" (class com.showmetheroute.persistence.domain.Track), not marked as ignorable (2 known properties: "wayPoints", "id"])
 at [Source: org.springframework.mock.web.DelegatingServletInputStream@26b8e467; line: 1, column: 12] (through reference chain: com.showmetheroute.persistence.domain.Track["_id"]); nested exception is com.fasterxml.jackson.databind.exc.UnrecognizedPropertyException: Unrecognized field "_id" (class com.showmetheroute.persistence.domain.Track), not marked as ignorable (2 known properties: "wayPoints", "id"])
 at [Source: org.springframework.mock.web.DelegatingServletInputStream@26b8e467; line: 1, column: 12] (through reference chain: com.showmetheroute.persistence.domain.Track["_id"])
10:00:17.647 [Test worker] DEBUG o.s.w.s.m.s.DefaultHandlerExceptionResolver - Resolving exception from handler [public org.springframework.http.ResponseEntity<com.showmetheroute.persistence.domain.Track> com.showmetheroute.service.track.TrackController.createTrack(com.showmetheroute.persistence.domain.Track,org.springframework.web.util.UriComponentsBuilder)]: org.springframework.http.converter.HttpMessageNotReadableException: Could not read JSON: Unrecognized field "_id" (class com.showmetheroute.persistence.domain.Track), not marked as ignorable (2 known properties: "wayPoints", "id"])
 at [Source: org.springframework.mock.web.DelegatingServletInputStream@26b8e467; line: 1, column: 12] (through reference chain: com.showmetheroute.persistence.domain.Track["_id"]); nested exception is com.fasterxml.jackson.databind.exc.UnrecognizedPropertyException: Unrecognized field "_id" (class com.showmetheroute.persistence.domain.Track), not marked as ignorable (2 known properties: "wayPoints", "id"])
 at [Source: org.springframework.mock.web.DelegatingServletInputStream@26b8e467; line: 1, column: 12] (through reference chain: com.showmetheroute.persistence.domain.Track["_id"])
10:00:17.648 [Test worker] DEBUG o.s.t.w.s.TestDispatcherServlet - Null ModelAndView returned to DispatcherServlet with name '': assuming HandlerAdapter completed request handling
10:00:17.649 [Test worker] DEBUG o.s.t.w.s.TestDispatcherServlet - Successfully completed request

MockHttpServletRequest:
         HTTP Method = POST
         Request URI = /tracks
          Parameters = {}
             Headers = {Content-Type=[application/json], Accept=[application/json]}

             Handler:
                Type = com.showmetheroute.service.track.TrackController
              Method = public org.springframework.http.ResponseEntity<com.showmetheroute.persistence.domain.Track> com.showmetheroute.service.track.TrackController.createTrack(com.showmetheroute.persistence.domain.Track,org.springframework.web.util.UriComponentsBuilder)

               Async:
   Was async started = false
        Async result = null

  Resolved Exception:
                Type = org.springframework.http.converter.HttpMessageNotReadableException

        ModelAndView:
           View name = null
                View = null
               Model = null

            FlashMap:

MockHttpServletResponse:
              Status = 400
       Error message = null
             Headers = {}
        Content type = null
                Body = 
       Forwarded URL = null
      Redirected URL = null
             Cookies = []
10:00:17.895 [Test worker] DEBUG o.s.core.env.StandardEnvironment - Adding [systemProperties] PropertySource with lowest search precedence
10:00:17.906 [Test worker] DEBUG o.s.core.env.StandardEnvironment - Adding [systemEnvironment] PropertySource with lowest search precedence
10:00:17.906 [Test worker] DEBUG o.s.core.env.StandardEnvironment - Initialized StandardEnvironment with PropertySources [systemProperties,systemEnvironment]
10:00:17.917 [Test worker] INFO  o.s.t.w.s.s.StandaloneMockMvcBuilder$StaticRequestMappingHandlerMapping - Mapped "{[/tracks/{id}],methods=[GET],params=[],headers=[],consumes=[],produces=[],custom=[]}" onto public org.springframework.http.ResponseEntity<com.showmetheroute.persistence.domain.Track> com.showmetheroute.service.track.TrackController.getTrack(java.lang.String)
10:00:17.923 [Test worker] INFO  o.s.t.w.s.s.StandaloneMockMvcBuilder$StaticRequestMappingHandlerMapping - Mapped "{[/tracks/{id}/waypoints],methods=[GET],params=[],headers=[],consumes=[],produces=[],custom=[]}" onto public org.springframework.http.ResponseEntity<java.util.List<com.showmetheroute.persistence.domain.WayPoint>> com.showmetheroute.service.track.TrackController.getTrackWaypoints(java.lang.String)
10:00:17.924 [Test worker] INFO  o.s.t.w.s.s.StandaloneMockMvcBuilder$StaticRequestMappingHandlerMapping - Mapped "{[/tracks/{id}/waypoints],methods=[PUT],params=[],headers=[],consumes=[],produces=[],custom=[]}" onto public org.springframework.http.ResponseEntity<java.util.List<com.showmetheroute.persistence.domain.WayPoint>> com.showmetheroute.service.track.TrackController.updateTrackWaypoints(java.lang.String,java.util.List<com.showmetheroute.persistence.domain.WayPoint>,org.springframework.web.util.UriComponentsBuilder)
10:00:17.924 [Test worker] INFO  o.s.t.w.s.s.StandaloneMockMvcBuilder$StaticRequestMappingHandlerMapping - Mapped "{[/tracks/{id}],methods=[DELETE],params=[],headers=[],consumes=[],produces=[],custom=[]}" onto public org.springframework.http.ResponseEntity<com.showmetheroute.persistence.domain.Track> com.showmetheroute.service.track.TrackController.deleteTrack(java.lang.String)
10:00:17.925 [Test worker] INFO  o.s.t.w.s.s.StandaloneMockMvcBuilder$StaticRequestMappingHandlerMapping - Mapped "{[/tracks],methods=[POST],params=[],headers=[],consumes=[],produces=[],custom=[]}" onto public org.springframework.http.ResponseEntity<com.showmetheroute.persistence.domain.Track> com.showmetheroute.service.track.TrackController.createTrack(com.showmetheroute.persistence.domain.Track,org.springframework.web.util.UriComponentsBuilder)
10:00:17.925 [Test worker] INFO  o.s.t.w.s.s.StandaloneMockMvcBuilder$StaticRequestMappingHandlerMapping - Mapped "{[/tracks],methods=[GET],params=[],headers=[],consumes=[],produces=[],custom=[]}" onto public java.lang.Iterable<com.showmetheroute.persistence.domain.Track> com.showmetheroute.service.track.TrackController.listTracks()
10:00:17.960 [Test worker] DEBUG o.s.w.s.m.m.a.RequestMappingHandlerAdapter - Looking for controller advice: org.springframework.test.web.servlet.setup.StubWebApplicationContext@6af2d547
10:00:17.972 [Test worker] DEBUG o.s.t.w.s.TestDispatcherServlet - Initializing servlet ''
10:00:17.974 [Test worker] DEBUG o.s.w.c.s.StandardServletEnvironment - Adding [servletConfigInitParams] PropertySource with lowest search precedence
10:00:17.974 [Test worker] DEBUG o.s.w.c.s.StandardServletEnvironment - Adding [servletContextInitParams] PropertySource with lowest search precedence
10:00:17.975 [Test worker] DEBUG o.s.w.c.s.StandardServletEnvironment - Adding [jndiProperties] PropertySource with lowest search precedence
10:00:17.977 [Test worker] DEBUG o.s.w.c.s.StandardServletEnvironment - Adding [systemProperties] PropertySource with lowest search precedence
10:00:17.978 [Test worker] DEBUG o.s.w.c.s.StandardServletEnvironment - Adding [systemEnvironment] PropertySource with lowest search precedence
10:00:17.978 [Test worker] DEBUG o.s.w.c.s.StandardServletEnvironment - Initialized StandardServletEnvironment with PropertySources [servletConfigInitParams,servletContextInitParams,jndiProperties,systemProperties,systemEnvironment]
10:00:17.979 [Test worker] INFO  o.s.mock.web.MockServletContext - Initializing Spring FrameworkServlet ''
10:00:17.979 [Test worker] INFO  o.s.t.w.s.TestDispatcherServlet - FrameworkServlet '': initialization started
10:00:17.980 [Test worker] DEBUG o.s.t.w.s.TestDispatcherServlet - Unable to locate MultipartResolver with name 'multipartResolver': no multipart request handling provided
10:00:17.980 [Test worker] DEBUG o.s.t.w.s.TestDispatcherServlet - Using LocaleResolver [org.springframework.web.servlet.i18n.AcceptHeaderLocaleResolver@53b5fb5b]
10:00:17.980 [Test worker] DEBUG o.s.t.w.s.TestDispatcherServlet - Using ThemeResolver [org.springframework.web.servlet.theme.FixedThemeResolver@50893e4c]
10:00:17.981 [Test worker] DEBUG o.s.t.w.s.TestDispatcherServlet - Using RequestToViewNameTranslator [org.springframework.web.servlet.view.DefaultRequestToViewNameTranslator@625918e2]
10:00:17.982 [Test worker] DEBUG o.s.t.w.s.TestDispatcherServlet - Using FlashMapManager [org.springframework.web.servlet.support.SessionFlashMapManager@4770cfdf]
10:00:17.982 [Test worker] DEBUG o.s.t.w.s.TestDispatcherServlet - Published WebApplicationContext of servlet '' as ServletContext attribute with name [org.springframework.web.servlet.FrameworkServlet.CONTEXT.]
10:00:17.983 [Test worker] INFO  o.s.t.w.s.TestDispatcherServlet - FrameworkServlet '': initialization completed in 4 ms
10:00:17.983 [Test worker] DEBUG o.s.t.w.s.TestDispatcherServlet - Servlet '' configured successfully
10:00:17.984 [Test worker] DEBUG o.s.t.w.s.TestDispatcherServlet - DispatcherServlet with name '' processing GET request for [/tracks/TRACK_ID]
10:00:17.985 [Test worker] DEBUG o.s.t.w.s.s.StandaloneMockMvcBuilder$StaticRequestMappingHandlerMapping - Looking up handler method for path /tracks/TRACK_ID
10:00:17.987 [Test worker] DEBUG o.s.t.w.s.s.StandaloneMockMvcBuilder$StaticRequestMappingHandlerMapping - Returning handler method [public org.springframework.http.ResponseEntity<com.showmetheroute.persistence.domain.Track> com.showmetheroute.service.track.TrackController.getTrack(java.lang.String)]
10:00:17.987 [Test worker] DEBUG o.s.t.w.s.TestDispatcherServlet - Last-Modified value for [/tracks/TRACK_ID] is: -1
10:00:17.998 [Test worker] DEBUG o.s.w.s.m.m.a.HttpEntityMethodProcessor - Written [com.showmetheroute.persistence.domain.Track@e1be26c] as "application/json;charset=UTF-8" using [org.springframework.http.converter.json.MappingJackson2HttpMessageConverter@48ae27b0]
10:00:18.003 [Test worker] DEBUG o.s.t.w.s.TestDispatcherServlet - Null ModelAndView returned to DispatcherServlet with name '': assuming HandlerAdapter completed request handling
10:00:18.004 [Test worker] DEBUG o.s.t.w.s.TestDispatcherServlet - Successfully completed request
10:00:18.019 [Test worker] DEBUG o.s.core.env.StandardEnvironment - Adding [systemProperties] PropertySource with lowest search precedence
10:00:18.024 [Test worker] DEBUG o.s.core.env.StandardEnvironment - Adding [systemEnvironment] PropertySource with lowest search precedence
10:00:18.025 [Test worker] DEBUG o.s.core.env.StandardEnvironment - Initialized StandardEnvironment with PropertySources [systemProperties,systemEnvironment]
10:00:18.046 [Test worker] INFO  o.s.t.w.s.s.StandaloneMockMvcBuilder$StaticRequestMappingHandlerMapping - Mapped "{[/tracks/{id}],methods=[GET],params=[],headers=[],consumes=[],produces=[],custom=[]}" onto public org.springframework.http.ResponseEntity<com.showmetheroute.persistence.domain.Track> com.showmetheroute.service.track.TrackController.getTrack(java.lang.String)
10:00:18.050 [Test worker] INFO  o.s.t.w.s.s.StandaloneMockMvcBuilder$StaticRequestMappingHandlerMapping - Mapped "{[/tracks/{id}/waypoints],methods=[GET],params=[],headers=[],consumes=[],produces=[],custom=[]}" onto public org.springframework.http.ResponseEntity<java.util.List<com.showmetheroute.persistence.domain.WayPoint>> com.showmetheroute.service.track.TrackController.getTrackWaypoints(java.lang.String)
10:00:18.051 [Test worker] INFO  o.s.t.w.s.s.StandaloneMockMvcBuilder$StaticRequestMappingHandlerMapping - Mapped "{[/tracks/{id}/waypoints],methods=[PUT],params=[],headers=[],consumes=[],produces=[],custom=[]}" onto public org.springframework.http.ResponseEntity<java.util.List<com.showmetheroute.persistence.domain.WayPoint>> com.showmetheroute.service.track.TrackController.updateTrackWaypoints(java.lang.String,java.util.List<com.showmetheroute.persistence.domain.WayPoint>,org.springframework.web.util.UriComponentsBuilder)
10:00:18.052 [Test worker] INFO  o.s.t.w.s.s.StandaloneMockMvcBuilder$StaticRequestMappingHandlerMapping - Mapped "{[/tracks/{id}],methods=[DELETE],params=[],headers=[],consumes=[],produces=[],custom=[]}" onto public org.springframework.http.ResponseEntity<com.showmetheroute.persistence.domain.Track> com.showmetheroute.service.track.TrackController.deleteTrack(java.lang.String)
10:00:18.054 [Test worker] INFO  o.s.t.w.s.s.StandaloneMockMvcBuilder$StaticRequestMappingHandlerMapping - Mapped "{[/tracks],methods=[POST],params=[],headers=[],consumes=[],produces=[],custom=[]}" onto public org.springframework.http.ResponseEntity<com.showmetheroute.persistence.domain.Track> com.showmetheroute.service.track.TrackController.createTrack(com.showmetheroute.persistence.domain.Track,org.springframework.web.util.UriComponentsBuilder)
10:00:18.054 [Test worker] INFO  o.s.t.w.s.s.StandaloneMockMvcBuilder$StaticRequestMappingHandlerMapping - Mapped "{[/tracks],methods=[GET],params=[],headers=[],consumes=[],produces=[],custom=[]}" onto public java.lang.Iterable<com.showmetheroute.persistence.domain.Track> com.showmetheroute.service.track.TrackController.listTracks()
10:00:18.130 [Test worker] DEBUG o.s.w.s.m.m.a.RequestMappingHandlerAdapter - Looking for controller advice: org.springframework.test.web.servlet.setup.StubWebApplicationContext@17a0a648
10:00:18.145 [Test worker] DEBUG o.s.t.w.s.TestDispatcherServlet - Initializing servlet ''
10:00:18.150 [Test worker] DEBUG o.s.w.c.s.StandardServletEnvironment - Adding [servletConfigInitParams] PropertySource with lowest search precedence
10:00:18.150 [Test worker] DEBUG o.s.w.c.s.StandardServletEnvironment - Adding [servletContextInitParams] PropertySource with lowest search precedence
10:00:18.151 [Test worker] DEBUG o.s.w.c.s.StandardServletEnvironment - Adding [jndiProperties] PropertySource with lowest search precedence
10:00:18.151 [Test worker] DEBUG o.s.w.c.s.StandardServletEnvironment - Adding [systemProperties] PropertySource with lowest search precedence
10:00:18.152 [Test worker] DEBUG o.s.w.c.s.StandardServletEnvironment - Adding [systemEnvironment] PropertySource with lowest search precedence
10:00:18.152 [Test worker] DEBUG o.s.w.c.s.StandardServletEnvironment - Initialized StandardServletEnvironment with PropertySources [servletConfigInitParams,servletContextInitParams,jndiProperties,systemProperties,systemEnvironment]
10:00:18.153 [Test worker] INFO  o.s.mock.web.MockServletContext - Initializing Spring FrameworkServlet ''
10:00:18.153 [Test worker] INFO  o.s.t.w.s.TestDispatcherServlet - FrameworkServlet '': initialization started
10:00:18.154 [Test worker] DEBUG o.s.t.w.s.TestDispatcherServlet - Unable to locate MultipartResolver with name 'multipartResolver': no multipart request handling provided
10:00:18.154 [Test worker] DEBUG o.s.t.w.s.TestDispatcherServlet - Using LocaleResolver [org.springframework.web.servlet.i18n.AcceptHeaderLocaleResolver@3c6dee0f]
10:00:18.154 [Test worker] DEBUG o.s.t.w.s.TestDispatcherServlet - Using ThemeResolver [org.springframework.web.servlet.theme.FixedThemeResolver@552839c7]
10:00:18.155 [Test worker] DEBUG o.s.t.w.s.TestDispatcherServlet - Using RequestToViewNameTranslator [org.springframework.web.servlet.view.DefaultRequestToViewNameTranslator@43e9637e]
10:00:18.155 [Test worker] DEBUG o.s.t.w.s.TestDispatcherServlet - Using FlashMapManager [org.springframework.web.servlet.support.SessionFlashMapManager@f830807]
10:00:18.156 [Test worker] DEBUG o.s.t.w.s.TestDispatcherServlet - Published WebApplicationContext of servlet '' as ServletContext attribute with name [org.springframework.web.servlet.FrameworkServlet.CONTEXT.]
10:00:18.156 [Test worker] INFO  o.s.t.w.s.TestDispatcherServlet - FrameworkServlet '': initialization completed in 3 ms
10:00:18.157 [Test worker] DEBUG o.s.t.w.s.TestDispatcherServlet - Servlet '' configured successfully
10:00:18.158 [Test worker] DEBUG o.s.t.w.s.TestDispatcherServlet - DispatcherServlet with name '' processing GET request for [/tracks/TRACK_ID/waypoints]
10:00:18.158 [Test worker] DEBUG o.s.t.w.s.s.StandaloneMockMvcBuilder$StaticRequestMappingHandlerMapping - Looking up handler method for path /tracks/TRACK_ID/waypoints
10:00:18.160 [Test worker] DEBUG o.s.t.w.s.s.StandaloneMockMvcBuilder$StaticRequestMappingHandlerMapping - Returning handler method [public org.springframework.http.ResponseEntity<java.util.List<com.showmetheroute.persistence.domain.WayPoint>> com.showmetheroute.service.track.TrackController.getTrackWaypoints(java.lang.String)]
10:00:18.160 [Test worker] DEBUG o.s.t.w.s.TestDispatcherServlet - Last-Modified value for [/tracks/TRACK_ID/waypoints] is: -1
10:00:18.172 [Test worker] DEBUG o.s.t.w.s.TestDispatcherServlet - Null ModelAndView returned to DispatcherServlet with name '': assuming HandlerAdapter completed request handling
10:00:18.173 [Test worker] DEBUG o.s.t.w.s.TestDispatcherServlet - Successfully completed request
10:00:18.179 [Test worker] DEBUG o.s.core.env.StandardEnvironment - Adding [systemProperties] PropertySource with lowest search precedence
10:00:18.180 [Test worker] DEBUG o.s.core.env.StandardEnvironment - Adding [systemEnvironment] PropertySource with lowest search precedence
10:00:18.180 [Test worker] DEBUG o.s.core.env.StandardEnvironment - Initialized StandardEnvironment with PropertySources [systemProperties,systemEnvironment]
10:00:18.188 [Test worker] INFO  o.s.t.w.s.s.StandaloneMockMvcBuilder$StaticRequestMappingHandlerMapping - Mapped "{[/tracks/{id}],methods=[GET],params=[],headers=[],consumes=[],produces=[],custom=[]}" onto public org.springframework.http.ResponseEntity<com.showmetheroute.persistence.domain.Track> com.showmetheroute.service.track.TrackController.getTrack(java.lang.String)
10:00:18.189 [Test worker] INFO  o.s.t.w.s.s.StandaloneMockMvcBuilder$StaticRequestMappingHandlerMapping - Mapped "{[/tracks/{id}/waypoints],methods=[GET],params=[],headers=[],consumes=[],produces=[],custom=[]}" onto public org.springframework.http.ResponseEntity<java.util.List<com.showmetheroute.persistence.domain.WayPoint>> com.showmetheroute.service.track.TrackController.getTrackWaypoints(java.lang.String)
10:00:18.189 [Test worker] INFO  o.s.t.w.s.s.StandaloneMockMvcBuilder$StaticRequestMappingHandlerMapping - Mapped "{[/tracks/{id}/waypoints],methods=[PUT],params=[],headers=[],consumes=[],produces=[],custom=[]}" onto public org.springframework.http.ResponseEntity<java.util.List<com.showmetheroute.persistence.domain.WayPoint>> com.showmetheroute.service.track.TrackController.updateTrackWaypoints(java.lang.String,java.util.List<com.showmetheroute.persistence.domain.WayPoint>,org.springframework.web.util.UriComponentsBuilder)
10:00:18.190 [Test worker] INFO  o.s.t.w.s.s.StandaloneMockMvcBuilder$StaticRequestMappingHandlerMapping - Mapped "{[/tracks/{id}],methods=[DELETE],params=[],headers=[],consumes=[],produces=[],custom=[]}" onto public org.springframework.http.ResponseEntity<com.showmetheroute.persistence.domain.Track> com.showmetheroute.service.track.TrackController.deleteTrack(java.lang.String)
10:00:18.191 [Test worker] INFO  o.s.t.w.s.s.StandaloneMockMvcBuilder$StaticRequestMappingHandlerMapping - Mapped "{[/tracks],methods=[POST],params=[],headers=[],consumes=[],produces=[],custom=[]}" onto public org.springframework.http.ResponseEntity<com.showmetheroute.persistence.domain.Track> com.showmetheroute.service.track.TrackController.createTrack(com.showmetheroute.persistence.domain.Track,org.springframework.web.util.UriComponentsBuilder)
10:00:18.191 [Test worker] INFO  o.s.t.w.s.s.StandaloneMockMvcBuilder$StaticRequestMappingHandlerMapping - Mapped "{[/tracks],methods=[GET],params=[],headers=[],consumes=[],produces=[],custom=[]}" onto public java.lang.Iterable<com.showmetheroute.persistence.domain.Track> com.showmetheroute.service.track.TrackController.listTracks()
10:00:18.231 [Test worker] DEBUG o.s.w.s.m.m.a.RequestMappingHandlerAdapter - Looking for controller advice: org.springframework.test.web.servlet.setup.StubWebApplicationContext@17e078b6
10:00:18.259 [Test worker] DEBUG o.s.t.w.s.TestDispatcherServlet - Initializing servlet ''
10:00:18.261 [Test worker] DEBUG o.s.w.c.s.StandardServletEnvironment - Adding [servletConfigInitParams] PropertySource with lowest search precedence
10:00:18.262 [Test worker] DEBUG o.s.w.c.s.StandardServletEnvironment - Adding [servletContextInitParams] PropertySource with lowest search precedence
10:00:18.263 [Test worker] DEBUG o.s.w.c.s.StandardServletEnvironment - Adding [jndiProperties] PropertySource with lowest search precedence
10:00:18.263 [Test worker] DEBUG o.s.w.c.s.StandardServletEnvironment - Adding [systemProperties] PropertySource with lowest search precedence
10:00:18.265 [Test worker] DEBUG o.s.w.c.s.StandardServletEnvironment - Adding [systemEnvironment] PropertySource with lowest search precedence
10:00:18.266 [Test worker] DEBUG o.s.w.c.s.StandardServletEnvironment - Initialized StandardServletEnvironment with PropertySources [servletConfigInitParams,servletContextInitParams,jndiProperties,systemProperties,systemEnvironment]
10:00:18.266 [Test worker] INFO  o.s.mock.web.MockServletContext - Initializing Spring FrameworkServlet ''
10:00:18.267 [Test worker] INFO  o.s.t.w.s.TestDispatcherServlet - FrameworkServlet '': initialization started
10:00:18.267 [Test worker] DEBUG o.s.t.w.s.TestDispatcherServlet - Unable to locate MultipartResolver with name 'multipartResolver': no multipart request handling provided
10:00:18.268 [Test worker] DEBUG o.s.t.w.s.TestDispatcherServlet - Using LocaleResolver [org.springframework.web.servlet.i18n.AcceptHeaderLocaleResolver@47a1f659]
10:00:18.268 [Test worker] DEBUG o.s.t.w.s.TestDispatcherServlet - Using ThemeResolver [org.springframework.web.servlet.theme.FixedThemeResolver@5a3471cc]
10:00:18.269 [Test worker] DEBUG o.s.t.w.s.TestDispatcherServlet - Using RequestToViewNameTranslator [org.springframework.web.servlet.view.DefaultRequestToViewNameTranslator@291b3658]
10:00:18.269 [Test worker] DEBUG o.s.t.w.s.TestDispatcherServlet - Using FlashMapManager [org.springframework.web.servlet.support.SessionFlashMapManager@398ce07d]
10:00:18.270 [Test worker] DEBUG o.s.t.w.s.TestDispatcherServlet - Published WebApplicationContext of servlet '' as ServletContext attribute with name [org.springframework.web.servlet.FrameworkServlet.CONTEXT.]
10:00:18.270 [Test worker] INFO  o.s.t.w.s.TestDispatcherServlet - FrameworkServlet '': initialization completed in 3 ms
10:00:18.270 [Test worker] DEBUG o.s.t.w.s.TestDispatcherServlet - Servlet '' configured successfully
10:00:18.271 [Test worker] DEBUG o.s.t.w.s.TestDispatcherServlet - DispatcherServlet with name '' processing POST request for [/tracks]
10:00:18.272 [Test worker] DEBUG o.s.t.w.s.s.StandaloneMockMvcBuilder$StaticRequestMappingHandlerMapping - Looking up handler method for path /tracks
10:00:18.273 [Test worker] DEBUG o.s.t.w.s.s.StandaloneMockMvcBuilder$StaticRequestMappingHandlerMapping - Returning handler method [public org.springframework.http.ResponseEntity<com.showmetheroute.persistence.domain.Track> com.showmetheroute.service.track.TrackController.createTrack(com.showmetheroute.persistence.domain.Track,org.springframework.web.util.UriComponentsBuilder)]
10:00:18.281 [Test worker] DEBUG o.s.w.s.m.m.a.RequestResponseBodyMethodProcessor - Reading [class com.showmetheroute.persistence.domain.Track] as "application/json" using [org.springframework.http.converter.json.MappingJackson2HttpMessageConverter@4fe64c0f]
10:00:18.282 [Test worker] DEBUG o.s.w.s.m.m.a.ExceptionHandlerExceptionResolver - Resolving exception from handler [public org.springframework.http.ResponseEntity<com.showmetheroute.persistence.domain.Track> com.showmetheroute.service.track.TrackController.createTrack(com.showmetheroute.persistence.domain.Track,org.springframework.web.util.UriComponentsBuilder)]: org.springframework.http.converter.HttpMessageNotReadableException: Could not read JSON: Unrecognized field "_id" (class com.showmetheroute.persistence.domain.Track), not marked as ignorable (2 known properties: "wayPoints", "id"])
 at [Source: org.springframework.mock.web.DelegatingServletInputStream@188b95c4; line: 1, column: 12] (through reference chain: com.showmetheroute.persistence.domain.Track["_id"]); nested exception is com.fasterxml.jackson.databind.exc.UnrecognizedPropertyException: Unrecognized field "_id" (class com.showmetheroute.persistence.domain.Track), not marked as ignorable (2 known properties: "wayPoints", "id"])
 at [Source: org.springframework.mock.web.DelegatingServletInputStream@188b95c4; line: 1, column: 12] (through reference chain: com.showmetheroute.persistence.domain.Track["_id"])
10:00:18.284 [Test worker] DEBUG o.s.w.s.m.a.ResponseStatusExceptionResolver - Resolving exception from handler [public org.springframework.http.ResponseEntity<com.showmetheroute.persistence.domain.Track> com.showmetheroute.service.track.TrackController.createTrack(com.showmetheroute.persistence.domain.Track,org.springframework.web.util.UriComponentsBuilder)]: org.springframework.http.converter.HttpMessageNotReadableException: Could not read JSON: Unrecognized field "_id" (class com.showmetheroute.persistence.domain.Track), not marked as ignorable (2 known properties: "wayPoints", "id"])
 at [Source: org.springframework.mock.web.DelegatingServletInputStream@188b95c4; line: 1, column: 12] (through reference chain: com.showmetheroute.persistence.domain.Track["_id"]); nested exception is com.fasterxml.jackson.databind.exc.UnrecognizedPropertyException: Unrecognized field "_id" (class com.showmetheroute.persistence.domain.Track), not marked as ignorable (2 known properties: "wayPoints", "id"])
 at [Source: org.springframework.mock.web.DelegatingServletInputStream@188b95c4; line: 1, column: 12] (through reference chain: com.showmetheroute.persistence.domain.Track["_id"])
10:00:18.285 [Test worker] DEBUG o.s.w.s.m.s.DefaultHandlerExceptionResolver - Resolving exception from handler [public org.springframework.http.ResponseEntity<com.showmetheroute.persistence.domain.Track> com.showmetheroute.service.track.TrackController.createTrack(com.showmetheroute.persistence.domain.Track,org.springframework.web.util.UriComponentsBuilder)]: org.springframework.http.converter.HttpMessageNotReadableException: Could not read JSON: Unrecognized field "_id" (class com.showmetheroute.persistence.domain.Track), not marked as ignorable (2 known properties: "wayPoints", "id"])
 at [Source: org.springframework.mock.web.DelegatingServletInputStream@188b95c4; line: 1, column: 12] (through reference chain: com.showmetheroute.persistence.domain.Track["_id"]); nested exception is com.fasterxml.jackson.databind.exc.UnrecognizedPropertyException: Unrecognized field "_id" (class com.showmetheroute.persistence.domain.Track), not marked as ignorable (2 known properties: "wayPoints", "id"])
 at [Source: org.springframework.mock.web.DelegatingServletInputStream@188b95c4; line: 1, column: 12] (through reference chain: com.showmetheroute.persistence.domain.Track["_id"])
10:00:18.286 [Test worker] DEBUG o.s.t.w.s.TestDispatcherServlet - Null ModelAndView returned to DispatcherServlet with name '': assuming HandlerAdapter completed request handling
10:00:18.287 [Test worker] DEBUG o.s.t.w.s.TestDispatcherServlet - Successfully completed request

MockHttpServletRequest:
         HTTP Method = POST
         Request URI = /tracks
          Parameters = {}
             Headers = {Content-Type=[application/json], Accept=[application/json]}

             Handler:
                Type = com.showmetheroute.service.track.TrackController
              Method = public org.springframework.http.ResponseEntity<com.showmetheroute.persistence.domain.Track> com.showmetheroute.service.track.TrackController.createTrack(com.showmetheroute.persistence.domain.Track,org.springframework.web.util.UriComponentsBuilder)

               Async:
   Was async started = false
        Async result = null

  Resolved Exception:
                Type = org.springframework.http.converter.HttpMessageNotReadableException

        ModelAndView:
           View name = null
                View = null
               Model = null

            FlashMap:

MockHttpServletResponse:
              Status = 400
       Error message = null
             Headers = {}
        Content type = null
                Body = 
       Forwarded URL = null
      Redirected URL = null
             Cookies = []
10:00:18.318 [Test worker] DEBUG o.s.core.env.StandardEnvironment - Adding [systemProperties] PropertySource with lowest search precedence
10:00:18.319 [Test worker] DEBUG o.s.core.env.StandardEnvironment - Adding [systemEnvironment] PropertySource with lowest search precedence
10:00:18.320 [Test worker] DEBUG o.s.core.env.StandardEnvironment - Initialized StandardEnvironment with PropertySources [systemProperties,systemEnvironment]
10:00:18.324 [Test worker] INFO  o.s.t.w.s.s.StandaloneMockMvcBuilder$StaticRequestMappingHandlerMapping - Mapped "{[/tracks/{id}],methods=[GET],params=[],headers=[],consumes=[],produces=[],custom=[]}" onto public org.springframework.http.ResponseEntity<com.showmetheroute.persistence.domain.Track> com.showmetheroute.service.track.TrackController.getTrack(java.lang.String)
10:00:18.324 [Test worker] INFO  o.s.t.w.s.s.StandaloneMockMvcBuilder$StaticRequestMappingHandlerMapping - Mapped "{[/tracks/{id}/waypoints],methods=[GET],params=[],headers=[],consumes=[],produces=[],custom=[]}" onto public org.springframework.http.ResponseEntity<java.util.List<com.showmetheroute.persistence.domain.WayPoint>> com.showmetheroute.service.track.TrackController.getTrackWaypoints(java.lang.String)
10:00:18.325 [Test worker] INFO  o.s.t.w.s.s.StandaloneMockMvcBuilder$StaticRequestMappingHandlerMapping - Mapped "{[/tracks/{id}/waypoints],methods=[PUT],params=[],headers=[],consumes=[],produces=[],custom=[]}" onto public org.springframework.http.ResponseEntity<java.util.List<com.showmetheroute.persistence.domain.WayPoint>> com.showmetheroute.service.track.TrackController.updateTrackWaypoints(java.lang.String,java.util.List<com.showmetheroute.persistence.domain.WayPoint>,org.springframework.web.util.UriComponentsBuilder)
10:00:18.325 [Test worker] INFO  o.s.t.w.s.s.StandaloneMockMvcBuilder$StaticRequestMappingHandlerMapping - Mapped "{[/tracks/{id}],methods=[DELETE],params=[],headers=[],consumes=[],produces=[],custom=[]}" onto public org.springframework.http.ResponseEntity<com.showmetheroute.persistence.domain.Track> com.showmetheroute.service.track.TrackController.deleteTrack(java.lang.String)
10:00:18.326 [Test worker] INFO  o.s.t.w.s.s.StandaloneMockMvcBuilder$StaticRequestMappingHandlerMapping - Mapped "{[/tracks],methods=[POST],params=[],headers=[],consumes=[],produces=[],custom=[]}" onto public org.springframework.http.ResponseEntity<com.showmetheroute.persistence.domain.Track> com.showmetheroute.service.track.TrackController.createTrack(com.showmetheroute.persistence.domain.Track,org.springframework.web.util.UriComponentsBuilder)
10:00:18.326 [Test worker] INFO  o.s.t.w.s.s.StandaloneMockMvcBuilder$StaticRequestMappingHandlerMapping - Mapped "{[/tracks],methods=[GET],params=[],headers=[],consumes=[],produces=[],custom=[]}" onto public java.lang.Iterable<com.showmetheroute.persistence.domain.Track> com.showmetheroute.service.track.TrackController.listTracks()
10:00:18.352 [Test worker] DEBUG o.s.w.s.m.m.a.RequestMappingHandlerAdapter - Looking for controller advice: org.springframework.test.web.servlet.setup.StubWebApplicationContext@2c0f9980
10:00:18.378 [Test worker] DEBUG o.s.t.w.s.TestDispatcherServlet - Initializing servlet ''
10:00:18.379 [Test worker] DEBUG o.s.w.c.s.StandardServletEnvironment - Adding [servletConfigInitParams] PropertySource with lowest search precedence
10:00:18.379 [Test worker] DEBUG o.s.w.c.s.StandardServletEnvironment - Adding [servletContextInitParams] PropertySource with lowest search precedence
10:00:18.379 [Test worker] DEBUG o.s.w.c.s.StandardServletEnvironment - Adding [jndiProperties] PropertySource with lowest search precedence
10:00:18.379 [Test worker] DEBUG o.s.w.c.s.StandardServletEnvironment - Adding [systemProperties] PropertySource with lowest search precedence
10:00:18.380 [Test worker] DEBUG o.s.w.c.s.StandardServletEnvironment - Adding [systemEnvironment] PropertySource with lowest search precedence
10:00:18.380 [Test worker] DEBUG o.s.w.c.s.StandardServletEnvironment - Initialized StandardServletEnvironment with PropertySources [servletConfigInitParams,servletContextInitParams,jndiProperties,systemProperties,systemEnvironment]
10:00:18.380 [Test worker] INFO  o.s.mock.web.MockServletContext - Initializing Spring FrameworkServlet ''
10:00:18.381 [Test worker] INFO  o.s.t.w.s.TestDispatcherServlet - FrameworkServlet '': initialization started
10:00:18.381 [Test worker] DEBUG o.s.t.w.s.TestDispatcherServlet - Unable to locate MultipartResolver with name 'multipartResolver': no multipart request handling provided
10:00:18.381 [Test worker] DEBUG o.s.t.w.s.TestDispatcherServlet - Using LocaleResolver [org.springframework.web.servlet.i18n.AcceptHeaderLocaleResolver@461436ee]
10:00:18.381 [Test worker] DEBUG o.s.t.w.s.TestDispatcherServlet - Using ThemeResolver [org.springframework.web.servlet.theme.FixedThemeResolver@59226733]
10:00:18.381 [Test worker] DEBUG o.s.t.w.s.TestDispatcherServlet - Using RequestToViewNameTranslator [org.springframework.web.servlet.view.DefaultRequestToViewNameTranslator@61a572fc]
[...]
10:00:18.628 [Test worker] INFO  o.s.t.w.s.s.StandaloneMockMvcBuilder$StaticRequestMappingHandlerMapping - Mapped "{[/tracks/{id}],methods=[DELETE],params=[],headers=[],consumes=[],produces=[],custom=[]}" onto public org.springframework.http.ResponseEntity<com.showmetheroute.persistence.domain.Track> com.showmetheroute.service.track.TrackController.deleteTrack(java.lang.String)
10:00:18.629 [Test worker] INFO  o.s.t.w.s.s.StandaloneMockMvcBuilder$StaticRequestMappingHandlerMapping - Mapped "{[/tracks],methods=[POST],params=[],headers=[],consumes=[],produces=[],custom=[]}" onto public org.springframework.http.ResponseEntity<com.showmetheroute.persistence.domain.Track> com.showmetheroute.service.track.TrackController.createTrack(com.showmetheroute.persistence.domain.Track,org.springframework.web.util.UriComponentsBuilder)
10:00:18.629 [Test worker] INFO  o.s.t.w.s.s.StandaloneMockMvcBuilder$StaticRequestMappingHandlerMapping - Mapped "{[/tracks],methods=[GET],params=[],headers=[],consumes=[],produces=[],custom=[]}" onto public java.lang.Iterable<com.showmetheroute.persistence.domain.Track> com.showmetheroute.service.track.TrackController.listTracks()
10:00:18.655 [Test worker] DEBUG o.s.w.s.m.m.a.RequestMappingHandlerAdapter - Looking for controller advice: org.springframework.test.web.servlet.setup.StubWebApplicationContext@170087b4
10:00:18.696 [Test worker] DEBUG o.s.t.w.s.TestDispatcherServlet - Initializing servlet ''
10:00:18.698 [Test worker] DEBUG o.s.w.c.s.StandardServletEnvironment - Adding [servletConfigInitParams] PropertySource with lowest search precedence
10:00:18.698 [Test worker] DEBUG o.s.w.c.s.StandardServletEnvironment - Adding [servletContextInitParams] PropertySource with lowest search precedence
10:00:18.699 [Test worker] DEBUG o.s.w.c.s.StandardServletEnvironment - Adding [jndiProperties] PropertySource with lowest search precedence
10:00:18.700 [Test worker] DEBUG o.s.w.c.s.StandardServletEnvironment - Adding [systemProperties] PropertySource with lowest search precedence
10:00:18.704 [Test worker] DEBUG o.s.w.c.s.StandardServletEnvironment - Adding [systemEnvironment] PropertySource with lowest search precedence
10:00:18.705 [Test worker] DEBUG o.s.w.c.s.StandardServletEnvironment - Initialized StandardServletEnvironment with PropertySources [servletConfigInitParams,servletContextInitParams,jndiProperties,systemProperties,systemEnvironment]
10:00:18.705 [Test worker] INFO  o.s.mock.web.MockServletContext - Initializing Spring FrameworkServlet ''
10:00:18.706 [Test worker] INFO  o.s.t.w.s.TestDispatcherServlet - FrameworkServlet '': initialization started
10:00:18.709 [Test worker] DEBUG o.s.t.w.s.TestDispatcherServlet - Unable to locate MultipartResolver with name 'multipartResolver': no multipart request handling provided
10:00:18.710 [Test worker] DEBUG o.s.t.w.s.TestDispatcherServlet - Using LocaleResolver [org.springframework.web.servlet.i18n.AcceptHeaderLocaleResolver@66b27bbf]
10:00:18.710 [Test worker] DEBUG o.s.t.w.s.TestDispatcherServlet - Using ThemeResolver [org.springframework.web.servlet.theme.FixedThemeResolver@4fda6d45]
10:00:18.711 [Test worker] DEBUG o.s.t.w.s.TestDispatcherServlet - Using RequestToViewNameTranslator [org.springframework.web.servlet.view.DefaultRequestToViewNameTranslator@d3bf5f8]
10:00:18.711 [Test worker] DEBUG o.s.t.w.s.TestDispatcherServlet - Using FlashMapManager [org.springframework.web.servlet.support.SessionFlashMapManager@5b917391]
10:00:18.712 [Test worker] DEBUG o.s.t.w.s.TestDispatcherServlet - Published WebApplicationContext of servlet '' as ServletContext attribute with name [org.springframework.web.servlet.FrameworkServlet.CONTEXT.]
10:00:18.712 [Test worker] INFO  o.s.t.w.s.TestDispatcherServlet - FrameworkServlet '': initialization completed in 3 ms
10:00:18.713 [Test worker] DEBUG o.s.t.w.s.TestDispatcherServlet - Servlet '' configured successfully
10:00:18.714 [Test worker] DEBUG o.s.t.w.s.TestDispatcherServlet - DispatcherServlet with name '' processing PUT request for [/tracks/TRACK_ID/waypoints]
10:00:18.715 [Test worker] DEBUG o.s.t.w.s.s.StandaloneMockMvcBuilder$StaticRequestMappingHandlerMapping - Looking up handler method for path /tracks/TRACK_ID/waypoints
10:00:18.716 [Test worker] DEBUG o.s.t.w.s.s.StandaloneMockMvcBuilder$StaticRequestMappingHandlerMapping - Returning handler method [public org.springframework.http.ResponseEntity<java.util.List<com.showmetheroute.persistence.domain.WayPoint>> com.showmetheroute.service.track.TrackController.updateTrackWaypoints(java.lang.String,java.util.List<com.showmetheroute.persistence.domain.WayPoint>,org.springframework.web.util.UriComponentsBuilder)]
10:00:18.735 [Test worker] DEBUG o.s.w.s.m.m.a.ExceptionHandlerExceptionResolver - Resolving exception from handler [public org.springframework.http.ResponseEntity<java.util.List<com.showmetheroute.persistence.domain.WayPoint>> com.showmetheroute.service.track.TrackController.updateTrackWaypoints(java.lang.String,java.util.List<com.showmetheroute.persistence.domain.WayPoint>,org.springframework.web.util.UriComponentsBuilder)]: org.springframework.web.HttpMediaTypeNotSupportedException: Content type 'application/octet-stream' not supported
10:00:18.748 [Test worker] DEBUG o.s.w.s.m.a.ResponseStatusExceptionResolver - Resolving exception from handler [public org.springframework.http.ResponseEntity<java.util.List<com.showmetheroute.persistence.domain.WayPoint>> com.showmetheroute.service.track.TrackController.updateTrackWaypoints(java.lang.String,java.util.List<com.showmetheroute.persistence.domain.WayPoint>,org.springframework.web.util.UriComponentsBuilder)]: org.springframework.web.HttpMediaTypeNotSupportedException: Content type 'application/octet-stream' not supported
10:00:18.749 [Test worker] DEBUG o.s.w.s.m.s.DefaultHandlerExceptionResolver - Resolving exception from handler [public org.springframework.http.ResponseEntity<java.util.List<com.showmetheroute.persistence.domain.WayPoint>> com.showmetheroute.service.track.TrackController.updateTrackWaypoints(java.lang.String,java.util.List<com.showmetheroute.persistence.domain.WayPoint>,org.springframework.web.util.UriComponentsBuilder)]: org.springframework.web.HttpMediaTypeNotSupportedException: Content type 'application/octet-stream' not supported
10:00:18.749 [Test worker] DEBUG o.s.t.w.s.TestDispatcherServlet - Null ModelAndView returned to DispatcherServlet with name '': assuming HandlerAdapter completed request handling
10:00:18.750 [Test worker] DEBUG o.s.t.w.s.TestDispatcherServlet - Successfully completed request
10:00:18.762 [Test worker] DEBUG o.s.core.env.StandardEnvironment - Adding [systemProperties] PropertySource with lowest search precedence
10:00:18.763 [Test worker] DEBUG o.s.core.env.StandardEnvironment - Adding [systemEnvironment] PropertySource with lowest search precedence
10:00:18.763 [Test worker] DEBUG o.s.core.env.StandardEnvironment - Initialized StandardEnvironment with PropertySources [systemProperties,systemEnvironment]
10:00:18.772 [Test worker] INFO  o.s.t.w.s.s.StandaloneMockMvcBuilder$StaticRequestMappingHandlerMapping - Mapped "{[/tracks/{id}],methods=[GET],params=[],headers=[],consumes=[],produces=[],custom=[]}" onto public org.springframework.http.ResponseEntity<com.showmetheroute.persistence.domain.Track> com.showmetheroute.service.track.TrackController.getTrack(java.lang.String)
10:00:18.777 [Test worker] INFO  o.s.t.w.s.s.StandaloneMockMvcBuilder$StaticRequestMappingHandlerMapping - Mapped "{[/tracks/{id}/waypoints],methods=[GET],params=[],headers=[],consumes=[],produces=[],custom=[]}" onto public org.springframework.http.ResponseEntity<java.util.List<com.showmetheroute.persistence.domain.WayPoint>> com.showmetheroute.service.track.TrackController.getTrackWaypoints(java.lang.String)
10:00:18.777 [Test worker] INFO  o.s.t.w.s.s.StandaloneMockMvcBuilder$StaticRequestMappingHandlerMapping - Mapped "{[/tracks/{id}/waypoints],methods=[PUT],params=[],headers=[],consumes=[],produces=[],custom=[]}" onto public org.springframework.http.ResponseEntity<java.util.List<com.showmetheroute.persistence.domain.WayPoint>> com.showmetheroute.service.track.TrackController.updateTrackWaypoints(java.lang.String,java.util.List<com.showmetheroute.persistence.domain.WayPoint>,org.springframework.web.util.UriComponentsBuilder)
10:00:18.778 [Test worker] INFO  o.s.t.w.s.s.StandaloneMockMvcBuilder$StaticRequestMappingHandlerMapping - Mapped "{[/tracks/{id}],methods=[DELETE],params=[],headers=[],consumes=[],produces=[],custom=[]}" onto public org.springframework.http.ResponseEntity<com.showmetheroute.persistence.domain.Track> com.showmetheroute.service.track.TrackController.deleteTrack(java.lang.String)
10:00:18.778 [Test worker] INFO  o.s.t.w.s.s.StandaloneMockMvcBuilder$StaticRequestMappingHandlerMapping - Mapped "{[/tracks],methods=[POST],params=[],headers=[],consumes=[],produces=[],custom=[]}" onto public org.springframework.http.ResponseEntity<com.showmetheroute.persistence.domain.Track> com.showmetheroute.service.track.TrackController.createTrack(com.showmetheroute.persistence.domain.Track,org.springframework.web.util.UriComponentsBuilder)
10:00:18.778 [Test worker] INFO  o.s.t.w.s.s.StandaloneMockMvcBuilder$StaticRequestMappingHandlerMapping - Mapped "{[/tracks],methods=[GET],params=[],headers=[],consumes=[],produces=[],custom=[]}" onto public java.lang.Iterable<com.showmetheroute.persistence.domain.Track> com.showmetheroute.service.track.TrackController.listTracks()
10:00:18.838 [Test worker] DEBUG o.s.w.s.m.m.a.RequestMappingHandlerAdapter - Looking for controller advice: org.springframework.test.web.servlet.setup.StubWebApplicationContext@5953c375
10:00:18.857 [Test worker] DEBUG o.s.t.w.s.TestDispatcherServlet - Initializing servlet ''
10:00:18.858 [Test worker] DEBUG o.s.w.c.s.StandardServletEnvironment - Adding [servletConfigInitParams] PropertySource with lowest search precedence
10:00:18.859 [Test worker] DEBUG o.s.w.c.s.StandardServletEnvironment - Adding [servletContextInitParams] PropertySource with lowest search precedence
10:00:18.859 [Test worker] DEBUG o.s.w.c.s.StandardServletEnvironment - Adding [jndiProperties] PropertySource with lowest search precedence
10:00:18.860 [Test worker] DEBUG o.s.w.c.s.StandardServletEnvironment - Adding [systemProperties] PropertySource with lowest search precedence
10:00:18.861 [Test worker] DEBUG o.s.w.c.s.StandardServletEnvironment - Adding [systemEnvironment] PropertySource with lowest search precedence
10:00:18.861 [Test worker] DEBUG o.s.w.c.s.StandardServletEnvironment - Initialized StandardServletEnvironment with PropertySources [servletConfigInitParams,servletContextInitParams,jndiProperties,systemProperties,systemEnvironment]
10:00:18.861 [Test worker] INFO  o.s.mock.web.MockServletContext - Initializing Spring FrameworkServlet ''
10:00:18.862 [Test worker] INFO  o.s.t.w.s.TestDispatcherServlet - FrameworkServlet '': initialization started
10:00:18.862 [Test worker] DEBUG o.s.t.w.s.TestDispatcherServlet - Unable to locate MultipartResolver with name 'multipartResolver': no multipart request handling provided
10:00:18.863 [Test worker] DEBUG o.s.t.w.s.TestDispatcherServlet - Using LocaleResolver [org.springframework.web.servlet.i18n.AcceptHeaderLocaleResolver@54fae0ef]
10:00:18.863 [Test worker] DEBUG o.s.t.w.s.TestDispatcherServlet - Using ThemeResolver [org.springframework.web.servlet.theme.FixedThemeResolver@22c5967f]
10:00:18.864 [Test worker] DEBUG o.s.t.w.s.TestDispatcherServlet - Using RequestToViewNameTranslator [org.springframework.web.servlet.view.DefaultRequestToViewNameTranslator@5a1b7dae]
10:00:18.864 [Test worker] DEBUG o.s.t.w.s.TestDispatcherServlet - Using FlashMapManager [org.springframework.web.servlet.support.SessionFlashMapManager@42d858b9]
10:00:18.865 [Test worker] DEBUG o.s.t.w.s.TestDispatcherServlet - Published WebApplicationContext of servlet '' as ServletContext attribute with name [org.springframework.web.servlet.FrameworkServlet.CONTEXT.]
10:00:18.865 [Test worker] INFO  o.s.t.w.s.TestDispatcherServlet - FrameworkServlet '': initialization completed in 3 ms
10:00:18.865 [Test worker] DEBUG o.s.t.w.s.TestDispatcherServlet - Servlet '' configured successfully
10:00:18.866 [Test worker] DEBUG o.s.t.w.s.TestDispatcherServlet - DispatcherServlet with name '' processing DELETE request for [/tracks/TRACK_ID]
10:00:18.872 [Test worker] DEBUG o.s.t.w.s.s.StandaloneMockMvcBuilder$StaticRequestMappingHandlerMapping - Looking up handler method for path /tracks/TRACK_ID
10:00:18.876 [Test worker] DEBUG o.s.t.w.s.s.StandaloneMockMvcBuilder$StaticRequestMappingHandlerMapping - Returning handler method [public org.springframework.http.ResponseEntity<com.showmetheroute.persistence.domain.Track> com.showmetheroute.service.track.TrackController.deleteTrack(java.lang.String)]
10:00:18.881 [Test worker] DEBUG o.s.t.w.s.TestDispatcherServlet - Null ModelAndView returned to DispatcherServlet with name '': assuming HandlerAdapter completed request handling
10:00:18.881 [Test worker] DEBUG o.s.t.w.s.TestDispatcherServlet - Successfully completed request
10:00:18.888 [Test worker] DEBUG o.s.core.env.StandardEnvironment - Adding [systemProperties] PropertySource with lowest search precedence
10:00:18.889 [Test worker] DEBUG o.s.core.env.StandardEnvironment - Adding [systemEnvironment] PropertySource with lowest search precedence
10:00:18.890 [Test worker] DEBUG o.s.core.env.StandardEnvironment - Initialized StandardEnvironment with PropertySources [systemProperties,systemEnvironment]
10:00:18.901 [Test worker] INFO  o.s.t.w.s.s.StandaloneMockMvcBuilder$StaticRequestMappingHandlerMapping - Mapped "{[/tracks/{id}],methods=[GET],params=[],headers=[],consumes=[],produces=[],custom=[]}" onto public org.springframework.http.ResponseEntity<com.showmetheroute.persistence.domain.Track> com.showmetheroute.service.track.TrackController.getTrack(java.lang.String)
10:00:18.902 [Test worker] INFO  o.s.t.w.s.s.StandaloneMockMvcBuilder$StaticRequestMappingHandlerMapping - Mapped "{[/tracks/{id}/waypoints],methods=[GET],params=[],headers=[],consumes=[],produces=[],custom=[]}" onto public org.springframework.http.ResponseEntity<java.util.List<com.showmetheroute.persistence.domain.WayPoint>> com.showmetheroute.service.track.TrackController.getTrackWaypoints(java.lang.String)
10:00:18.903 [Test worker] INFO  o.s.t.w.s.s.StandaloneMockMvcBuilder$StaticRequestMappingHandlerMapping - Mapped "{[/tracks/{id}/waypoints],methods=[PUT],params=[],headers=[],consumes=[],produces=[],custom=[]}" onto public org.springframework.http.ResponseEntity<java.util.List<com.showmetheroute.persistence.domain.WayPoint>> com.showmetheroute.service.track.TrackController.updateTrackWaypoints(java.lang.String,java.util.List<com.showmetheroute.persistence.domain.WayPoint>,org.springframework.web.util.UriComponentsBuilder)
10:00:18.905 [Test worker] INFO  o.s.t.w.s.s.StandaloneMockMvcBuilder$StaticRequestMappingHandlerMapping - Mapped "{[/tracks/{id}],methods=[DELETE],params=[],headers=[],consumes=[],produces=[],custom=[]}" onto public org.springframework.http.ResponseEntity<com.showmetheroute.persistence.domain.Track> com.showmetheroute.service.track.TrackController.deleteTrack(java.lang.String)
10:00:18.905 [Test worker] INFO  o.s.t.w.s.s.StandaloneMockMvcBuilder$StaticRequestMappingHandlerMapping - Mapped "{[/tracks],methods=[POST],params=[],headers=[],consumes=[],produces=[],custom=[]}" onto public org.springframework.http.ResponseEntity<com.showmetheroute.persistence.domain.Track> com.showmetheroute.service.track.TrackController.createTrack(com.showmetheroute.persistence.domain.Track,org.springframework.web.util.UriComponentsBuilder)
10:00:18.906 [Test worker] INFO  o.s.t.w.s.s.StandaloneMockMvcBuilder$StaticRequestMappingHandlerMapping - Mapped "{[/tracks],methods=[GET],params=[],headers=[],consumes=[],produces=[],custom=[]}" onto public java.lang.Iterable<com.showmetheroute.persistence.domain.Track> com.showmetheroute.service.track.TrackController.listTracks()
10:00:18.934 [Test worker] DEBUG o.s.w.s.m.m.a.RequestMappingHandlerAdapter - Looking for controller advice: org.springframework.test.web.servlet.setup.StubWebApplicationContext@3c0aeef
10:00:18.942 [Test worker] DEBUG o.s.t.w.s.TestDispatcherServlet - Initializing servlet ''
10:00:18.944 [Test worker] DEBUG o.s.w.c.s.StandardServletEnvironment - Adding [servletConfigInitParams] PropertySource with lowest search precedence
10:00:18.944 [Test worker] DEBUG o.s.w.c.s.StandardServletEnvironment - Adding [servletContextInitParams] PropertySource with lowest search precedence
10:00:18.945 [Test worker] DEBUG o.s.w.c.s.StandardServletEnvironment - Adding [jndiProperties] PropertySource with lowest search precedence
10:00:18.945 [Test worker] DEBUG o.s.w.c.s.StandardServletEnvironment - Adding [systemProperties] PropertySource with lowest search precedence
10:00:18.946 [Test worker] DEBUG o.s.w.c.s.StandardServletEnvironment - Adding [systemEnvironment] PropertySource with lowest search precedence
10:00:18.951 [Test worker] DEBUG o.s.w.c.s.StandardServletEnvironment - Initialized StandardServletEnvironment with PropertySources [servletConfigInitParams,servletContextInitParams,jndiProperties,systemProperties,systemEnvironment]
10:00:18.952 [Test worker] INFO  o.s.mock.web.MockServletContext - Initializing Spring FrameworkServlet ''
10:00:18.952 [Test worker] INFO  o.s.t.w.s.TestDispatcherServlet - FrameworkServlet '': initialization started
10:00:18.953 [Test worker] DEBUG o.s.t.w.s.TestDispatcherServlet - Unable to locate MultipartResolver with name 'multipartResolver': no multipart request handling provided
10:00:18.953 [Test worker] DEBUG o.s.t.w.s.TestDispatcherServlet - Using LocaleResolver [org.springframework.web.servlet.i18n.AcceptHeaderLocaleResolver@1eec044e]
10:00:18.954 [Test worker] DEBUG o.s.t.w.s.TestDispatcherServlet - Using ThemeResolver [org.springframework.web.servlet.theme.FixedThemeResolver@190eacbe]
10:00:18.954 [Test worker] DEBUG o.s.t.w.s.TestDispatcherServlet - Using RequestToViewNameTranslator [org.springframework.web.servlet.view.DefaultRequestToViewNameTranslator@126efacc]
10:00:18.955 [Test worker] DEBUG o.s.t.w.s.TestDispatcherServlet - Using FlashMapManager [org.springframework.web.servlet.support.SessionFlashMapManager@34137088]
10:00:18.955 [Test worker] DEBUG o.s.t.w.s.TestDispatcherServlet - Published WebApplicationContext of servlet '' as ServletContext attribute with name [org.springframework.web.servlet.FrameworkServlet.CONTEXT.]
10:00:18.955 [Test worker] INFO  o.s.t.w.s.TestDispatcherServlet - FrameworkServlet '': initialization completed in 2 ms
10:00:18.956 [Test worker] DEBUG o.s.t.w.s.TestDispatcherServlet - Servlet '' configured successfully
10:00:18.957 [Test worker] DEBUG o.s.t.w.s.TestDispatcherServlet - DispatcherServlet with name '' processing GET request for [/tracks]
10:00:18.957 [Test worker] DEBUG o.s.t.w.s.s.StandaloneMockMvcBuilder$StaticRequestMappingHandlerMapping - Looking up handler method for path /tracks
10:00:18.958 [Test worker] DEBUG o.s.t.w.s.s.StandaloneMockMvcBuilder$StaticRequestMappingHandlerMapping - Returning handler method [public java.lang.Iterable<com.showmetheroute.persistence.domain.Track> com.showmetheroute.service.track.TrackController.listTracks()]
10:00:18.959 [Test worker] DEBUG o.s.t.w.s.TestDispatcherServlet - Last-Modified value for [/tracks] is: -1
10:00:18.961 [Test worker] DEBUG o.s.t.w.s.TestDispatcherServlet - Null ModelAndView returned to DispatcherServlet with name '': assuming HandlerAdapter completed request handling
10:00:18.962 [Test worker] DEBUG o.s.t.w.s.TestDispatcherServlet - Successfully completed request
]]></system-out>
  <system-err><![CDATA[]]></system-err>
</testsuite>
